[0.044s] Invoking command in '/home/basil/lucy/build/pico_hardware_interface': AMENT_PREFIX_PATH=/home/basil/lucy/install/serial:${AMENT_PREFIX_PATH} CMAKE_PREFIX_PATH=/home/basil/lucy/install/serial:/home/basil/project/lucy/install/pico_hardware_interface:/home/basil/project/lucy/install/serial:/home/basil/project/lucy/install/pantilt_bot_description:/home/basil/project/lucy/install/open_manipulator_x_description:/home/basil/project/lucy/install/lucy:/home/basil/project/lucy/install/dynamixel_hardware:/opt/ros/jazzy/opt/gz_sim_vendor:/opt/ros/jazzy/opt/gz_sensors_vendor:/opt/ros/jazzy/opt/gz_physics_vendor:/opt/ros/jazzy/opt/sdformat_vendor:/opt/ros/jazzy/opt/gz_gui_vendor:/opt/ros/jazzy/opt/gz_transport_vendor:/opt/ros/jazzy/opt/gz_rendering_vendor:/opt/ros/jazzy/opt/gz_plugin_vendor:/opt/ros/jazzy/opt/gz_fuel_tools_vendor:/opt/ros/jazzy/opt/gz_msgs_vendor:/opt/ros/jazzy/opt/gz_common_vendor:/opt/ros/jazzy/opt/gz_math_vendor:/opt/ros/jazzy/opt/gz_utils_vendor:/opt/ros/jazzy/opt/gz_tools_vendor:/opt/ros/jazzy/opt/gz_ogre_next_vendor:/opt/ros/jazzy/opt/gz_dartsim_vendor:/opt/ros/jazzy/opt/gz_cmake_vendor:/home/basil/project/lucy/install/twist_stamper:/opt/ros/jazzy LD_LIBRARY_PATH=/home/basil/lucy/install/serial/lib:${LD_LIBRARY_PATH} VIRTUAL_ENV_PROMPT=(pio_env) /usr/bin/cmake /home/basil/lucy/pico_hardware -DCMAKE_INSTALL_PREFIX=/home/basil/lucy/install/pico_hardware_interface
[1.988s] -- The C compiler identification is GNU 13.3.0
[2.344s] -- The CXX compiler identification is GNU 13.3.0
[2.378s] -- Detecting C compiler ABI info
[2.635s] -- Detecting C compiler ABI info - done
[2.659s] -- Check for working C compiler: /usr/bin/cc - skipped
[2.660s] -- Detecting C compile features
[2.661s] -- Detecting C compile features - done
[2.679s] -- Detecting CXX compiler ABI info
[3.248s] -- Detecting CXX compiler ABI info - done
[3.313s] -- Check for working CXX compiler: /usr/bin/c++ - skipped
[3.318s] -- Detecting CXX compile features
[3.324s] -- Detecting CXX compile features - done
[3.335s] -- Found ament_cmake: 2.5.2 (/opt/ros/jazzy/share/ament_cmake/cmake)
[3.694s] -- Found Python3: /home/basil/pio_env/bin/python3 (found version "3.12.3") found components: Interpreter 
[4.121s] -- Found serial: 1.2.1 (/home/basil/lucy/install/serial/share/serial/cmake)
[4.132s] -- Found hardware_interface: 4.20.0 (/opt/ros/jazzy/share/hardware_interface/cmake)
[4.329s] -- Found rosidl_generator_c: 4.6.4 (/opt/ros/jazzy/share/rosidl_generator_c/cmake)
[4.383s] -- Found rosidl_generator_cpp: 4.6.4 (/opt/ros/jazzy/share/rosidl_generator_cpp/cmake)
[4.479s] -- Using all available rosidl_typesupport_c: rosidl_typesupport_fastrtps_c;rosidl_typesupport_introspection_c
[4.536s] -- Using all available rosidl_typesupport_cpp: rosidl_typesupport_fastrtps_cpp;rosidl_typesupport_introspection_cpp
[5.464s] -- Found TinyXML2 via Config file: /usr/lib/aarch64-linux-gnu/cmake/tinyxml2
[5.640s] -- Found rmw_implementation_cmake: 7.3.1 (/opt/ros/jazzy/share/rmw_implementation_cmake/cmake)
[5.654s] -- Found rmw_fastrtps_cpp: 8.4.1 (/opt/ros/jazzy/share/rmw_fastrtps_cpp/cmake)
[5.745s] -- Found TinyXML2 via Config file: /usr/lib/aarch64-linux-gnu/cmake/tinyxml2
[5.933s] -- Found OpenSSL: /usr/lib/aarch64-linux-gnu/libcrypto.so (found version "3.0.13")  
[5.947s] -- Found TinyXML2 via Config file: /usr/lib/aarch64-linux-gnu/cmake/tinyxml2
[6.018s] -- Found FastRTPS: /opt/ros/jazzy/include (Required is at least version "2.13") 
[6.023s] -- Found TinyXML2 via Config file: /usr/lib/aarch64-linux-gnu/cmake/tinyxml2
[6.049s] -- Found TinyXML2 via Config file: /usr/lib/aarch64-linux-gnu/cmake/tinyxml2
[6.074s] -- Using RMW implementation 'rmw_fastrtps_cpp' as default
[6.816s] -- Found controller_manager: 4.20.0 (/opt/ros/jazzy/share/controller_manager/cmake)
[7.283s] -- Configuring done (7.2s)
[7.316s] -- Generating done (0.0s)
[7.325s] -- Build files have been written to: /home/basil/lucy/build/pico_hardware_interface
[7.361s] Invoked command in '/home/basil/lucy/build/pico_hardware_interface' returned '0': AMENT_PREFIX_PATH=/home/basil/lucy/install/serial:${AMENT_PREFIX_PATH} CMAKE_PREFIX_PATH=/home/basil/lucy/install/serial:/home/basil/project/lucy/install/pico_hardware_interface:/home/basil/project/lucy/install/serial:/home/basil/project/lucy/install/pantilt_bot_description:/home/basil/project/lucy/install/open_manipulator_x_description:/home/basil/project/lucy/install/lucy:/home/basil/project/lucy/install/dynamixel_hardware:/opt/ros/jazzy/opt/gz_sim_vendor:/opt/ros/jazzy/opt/gz_sensors_vendor:/opt/ros/jazzy/opt/gz_physics_vendor:/opt/ros/jazzy/opt/sdformat_vendor:/opt/ros/jazzy/opt/gz_gui_vendor:/opt/ros/jazzy/opt/gz_transport_vendor:/opt/ros/jazzy/opt/gz_rendering_vendor:/opt/ros/jazzy/opt/gz_plugin_vendor:/opt/ros/jazzy/opt/gz_fuel_tools_vendor:/opt/ros/jazzy/opt/gz_msgs_vendor:/opt/ros/jazzy/opt/gz_common_vendor:/opt/ros/jazzy/opt/gz_math_vendor:/opt/ros/jazzy/opt/gz_utils_vendor:/opt/ros/jazzy/opt/gz_tools_vendor:/opt/ros/jazzy/opt/gz_ogre_next_vendor:/opt/ros/jazzy/opt/gz_dartsim_vendor:/opt/ros/jazzy/opt/gz_cmake_vendor:/home/basil/project/lucy/install/twist_stamper:/opt/ros/jazzy LD_LIBRARY_PATH=/home/basil/lucy/install/serial/lib:${LD_LIBRARY_PATH} VIRTUAL_ENV_PROMPT=(pio_env) /usr/bin/cmake /home/basil/lucy/pico_hardware -DCMAKE_INSTALL_PREFIX=/home/basil/lucy/install/pico_hardware_interface
[7.366s] Invoking command in '/home/basil/lucy/build/pico_hardware_interface': AMENT_PREFIX_PATH=/home/basil/lucy/install/serial:${AMENT_PREFIX_PATH} CMAKE_PREFIX_PATH=/home/basil/lucy/install/serial:/home/basil/project/lucy/install/pico_hardware_interface:/home/basil/project/lucy/install/serial:/home/basil/project/lucy/install/pantilt_bot_description:/home/basil/project/lucy/install/open_manipulator_x_description:/home/basil/project/lucy/install/lucy:/home/basil/project/lucy/install/dynamixel_hardware:/opt/ros/jazzy/opt/gz_sim_vendor:/opt/ros/jazzy/opt/gz_sensors_vendor:/opt/ros/jazzy/opt/gz_physics_vendor:/opt/ros/jazzy/opt/sdformat_vendor:/opt/ros/jazzy/opt/gz_gui_vendor:/opt/ros/jazzy/opt/gz_transport_vendor:/opt/ros/jazzy/opt/gz_rendering_vendor:/opt/ros/jazzy/opt/gz_plugin_vendor:/opt/ros/jazzy/opt/gz_fuel_tools_vendor:/opt/ros/jazzy/opt/gz_msgs_vendor:/opt/ros/jazzy/opt/gz_common_vendor:/opt/ros/jazzy/opt/gz_math_vendor:/opt/ros/jazzy/opt/gz_utils_vendor:/opt/ros/jazzy/opt/gz_tools_vendor:/opt/ros/jazzy/opt/gz_ogre_next_vendor:/opt/ros/jazzy/opt/gz_dartsim_vendor:/opt/ros/jazzy/opt/gz_cmake_vendor:/home/basil/project/lucy/install/twist_stamper:/opt/ros/jazzy LD_LIBRARY_PATH=/home/basil/lucy/install/serial/lib:${LD_LIBRARY_PATH} VIRTUAL_ENV_PROMPT=(pio_env) /usr/bin/cmake --build /home/basil/lucy/build/pico_hardware_interface -- -j4 -l4
[7.524s] [ 25%] [32mBuilding CXX object CMakeFiles/pico_hardware_interface.dir/src/pico_hardware_interface.cpp.o[0m
[23.519s] [ 50%] [32mBuilding CXX object CMakeFiles/pico_hardware_interface.dir/src/arduino_comms.cpp.o[0m
[35.577s] [ 75%] [32mBuilding CXX object CMakeFiles/pico_hardware_interface.dir/src/wheel.cpp.o[0m
[37.174s] [100%] [32m[1mLinking CXX shared library libpico_hardware_interface.so[0m
[37.876s] [100%] Built target pico_hardware_interface
[44.845s] Invoked command in '/home/basil/lucy/build/pico_hardware_interface' returned '0': AMENT_PREFIX_PATH=/home/basil/lucy/install/serial:${AMENT_PREFIX_PATH} CMAKE_PREFIX_PATH=/home/basil/lucy/install/serial:/home/basil/project/lucy/install/pico_hardware_interface:/home/basil/project/lucy/install/serial:/home/basil/project/lucy/install/pantilt_bot_description:/home/basil/project/lucy/install/open_manipulator_x_description:/home/basil/project/lucy/install/lucy:/home/basil/project/lucy/install/dynamixel_hardware:/opt/ros/jazzy/opt/gz_sim_vendor:/opt/ros/jazzy/opt/gz_sensors_vendor:/opt/ros/jazzy/opt/gz_physics_vendor:/opt/ros/jazzy/opt/sdformat_vendor:/opt/ros/jazzy/opt/gz_gui_vendor:/opt/ros/jazzy/opt/gz_transport_vendor:/opt/ros/jazzy/opt/gz_rendering_vendor:/opt/ros/jazzy/opt/gz_plugin_vendor:/opt/ros/jazzy/opt/gz_fuel_tools_vendor:/opt/ros/jazzy/opt/gz_msgs_vendor:/opt/ros/jazzy/opt/gz_common_vendor:/opt/ros/jazzy/opt/gz_math_vendor:/opt/ros/jazzy/opt/gz_utils_vendor:/opt/ros/jazzy/opt/gz_tools_vendor:/opt/ros/jazzy/opt/gz_ogre_next_vendor:/opt/ros/jazzy/opt/gz_dartsim_vendor:/opt/ros/jazzy/opt/gz_cmake_vendor:/home/basil/project/lucy/install/twist_stamper:/opt/ros/jazzy LD_LIBRARY_PATH=/home/basil/lucy/install/serial/lib:${LD_LIBRARY_PATH} VIRTUAL_ENV_PROMPT=(pio_env) /usr/bin/cmake --build /home/basil/lucy/build/pico_hardware_interface -- -j4 -l4
[44.851s] Invoking command in '/home/basil/lucy/build/pico_hardware_interface': AMENT_PREFIX_PATH=/home/basil/lucy/install/serial:${AMENT_PREFIX_PATH} CMAKE_PREFIX_PATH=/home/basil/lucy/install/serial:/home/basil/project/lucy/install/pico_hardware_interface:/home/basil/project/lucy/install/serial:/home/basil/project/lucy/install/pantilt_bot_description:/home/basil/project/lucy/install/open_manipulator_x_description:/home/basil/project/lucy/install/lucy:/home/basil/project/lucy/install/dynamixel_hardware:/opt/ros/jazzy/opt/gz_sim_vendor:/opt/ros/jazzy/opt/gz_sensors_vendor:/opt/ros/jazzy/opt/gz_physics_vendor:/opt/ros/jazzy/opt/sdformat_vendor:/opt/ros/jazzy/opt/gz_gui_vendor:/opt/ros/jazzy/opt/gz_transport_vendor:/opt/ros/jazzy/opt/gz_rendering_vendor:/opt/ros/jazzy/opt/gz_plugin_vendor:/opt/ros/jazzy/opt/gz_fuel_tools_vendor:/opt/ros/jazzy/opt/gz_msgs_vendor:/opt/ros/jazzy/opt/gz_common_vendor:/opt/ros/jazzy/opt/gz_math_vendor:/opt/ros/jazzy/opt/gz_utils_vendor:/opt/ros/jazzy/opt/gz_tools_vendor:/opt/ros/jazzy/opt/gz_ogre_next_vendor:/opt/ros/jazzy/opt/gz_dartsim_vendor:/opt/ros/jazzy/opt/gz_cmake_vendor:/home/basil/project/lucy/install/twist_stamper:/opt/ros/jazzy LD_LIBRARY_PATH=/home/basil/lucy/install/serial/lib:${LD_LIBRARY_PATH} VIRTUAL_ENV_PROMPT=(pio_env) /usr/bin/cmake --install /home/basil/lucy/build/pico_hardware_interface
[44.887s] -- Install configuration: ""
[44.888s] -- Installing: /home/basil/lucy/install/pico_hardware_interface/share/pico_hardware_interface/robot_hardware.xml
[44.889s] -- Installing: /home/basil/lucy/install/pico_hardware_interface/lib/pico_hardware_interface/libpico_hardware_interface.so
[44.897s] -- Set non-toolchain portion of runtime path of "/home/basil/lucy/install/pico_hardware_interface/lib/pico_hardware_interface/libpico_hardware_interface.so" to ""
[44.897s] -- Installing: /home/basil/lucy/install/pico_hardware_interface/share/pico_hardware_interface/controllers
[44.898s] -- Installing: /home/basil/lucy/install/pico_hardware_interface/share/pico_hardware_interface/controllers/robot_controller_example.yaml
[44.898s] -- Up-to-date: /home/basil/lucy/install/pico_hardware_interface/share/pico_hardware_interface
[44.898s] -- Installing: /home/basil/lucy/install/pico_hardware_interface/share/pico_hardware_interface/fake_robot.launch.py
[44.899s] -- Installing: /home/basil/lucy/install/pico_hardware_interface/share/pico_hardware_interface/test_robot.launch.py
[44.899s] -- Installing: /home/basil/lucy/install/pico_hardware_interface/share/pico_hardware_interface/environment/library_path.sh
[44.899s] -- Installing: /home/basil/lucy/install/pico_hardware_interface/share/pico_hardware_interface/environment/library_path.dsv
[44.900s] -- Installing: /home/basil/lucy/install/pico_hardware_interface/share/ament_index/resource_index/package_run_dependencies/pico_hardware_interface
[44.900s] -- Installing: /home/basil/lucy/install/pico_hardware_interface/share/ament_index/resource_index/parent_prefix_path/pico_hardware_interface
[44.900s] -- Installing: /home/basil/lucy/install/pico_hardware_interface/share/pico_hardware_interface/environment/ament_prefix_path.sh
[44.900s] -- Installing: /home/basil/lucy/install/pico_hardware_interface/share/pico_hardware_interface/environment/ament_prefix_path.dsv
[44.900s] -- Installing: /home/basil/lucy/install/pico_hardware_interface/share/pico_hardware_interface/environment/path.sh
[44.900s] -- Installing: /home/basil/lucy/install/pico_hardware_interface/share/pico_hardware_interface/environment/path.dsv
[44.901s] -- Installing: /home/basil/lucy/install/pico_hardware_interface/share/pico_hardware_interface/local_setup.bash
[44.901s] -- Installing: /home/basil/lucy/install/pico_hardware_interface/share/pico_hardware_interface/local_setup.sh
[44.901s] -- Installing: /home/basil/lucy/install/pico_hardware_interface/share/pico_hardware_interface/local_setup.zsh
[44.901s] -- Installing: /home/basil/lucy/install/pico_hardware_interface/share/pico_hardware_interface/local_setup.dsv
[44.901s] -- Installing: /home/basil/lucy/install/pico_hardware_interface/share/pico_hardware_interface/package.dsv
[44.902s] -- Installing: /home/basil/lucy/install/pico_hardware_interface/share/ament_index/resource_index/packages/pico_hardware_interface
[44.902s] -- Installing: /home/basil/lucy/install/pico_hardware_interface/share/ament_index/resource_index/hardware_interface__pluginlib__plugin/pico_hardware_interface
[44.902s] -- Installing: /home/basil/lucy/install/pico_hardware_interface/share/pico_hardware_interface/cmake/ament_cmake_export_libraries-extras.cmake
[44.902s] -- Installing: /home/basil/lucy/install/pico_hardware_interface/share/pico_hardware_interface/cmake/ament_cmake_export_dependencies-extras.cmake
[44.903s] -- Installing: /home/basil/lucy/install/pico_hardware_interface/share/pico_hardware_interface/cmake/pico_hardware_interfaceConfig.cmake
[44.903s] -- Installing: /home/basil/lucy/install/pico_hardware_interface/share/pico_hardware_interface/cmake/pico_hardware_interfaceConfig-version.cmake
[44.903s] -- Installing: /home/basil/lucy/install/pico_hardware_interface/share/pico_hardware_interface/package.xml
[44.907s] Invoked command in '/home/basil/lucy/build/pico_hardware_interface' returned '0': AMENT_PREFIX_PATH=/home/basil/lucy/install/serial:${AMENT_PREFIX_PATH} CMAKE_PREFIX_PATH=/home/basil/lucy/install/serial:/home/basil/project/lucy/install/pico_hardware_interface:/home/basil/project/lucy/install/serial:/home/basil/project/lucy/install/pantilt_bot_description:/home/basil/project/lucy/install/open_manipulator_x_description:/home/basil/project/lucy/install/lucy:/home/basil/project/lucy/install/dynamixel_hardware:/opt/ros/jazzy/opt/gz_sim_vendor:/opt/ros/jazzy/opt/gz_sensors_vendor:/opt/ros/jazzy/opt/gz_physics_vendor:/opt/ros/jazzy/opt/sdformat_vendor:/opt/ros/jazzy/opt/gz_gui_vendor:/opt/ros/jazzy/opt/gz_transport_vendor:/opt/ros/jazzy/opt/gz_rendering_vendor:/opt/ros/jazzy/opt/gz_plugin_vendor:/opt/ros/jazzy/opt/gz_fuel_tools_vendor:/opt/ros/jazzy/opt/gz_msgs_vendor:/opt/ros/jazzy/opt/gz_common_vendor:/opt/ros/jazzy/opt/gz_math_vendor:/opt/ros/jazzy/opt/gz_utils_vendor:/opt/ros/jazzy/opt/gz_tools_vendor:/opt/ros/jazzy/opt/gz_ogre_next_vendor:/opt/ros/jazzy/opt/gz_dartsim_vendor:/opt/ros/jazzy/opt/gz_cmake_vendor:/home/basil/project/lucy/install/twist_stamper:/opt/ros/jazzy LD_LIBRARY_PATH=/home/basil/lucy/install/serial/lib:${LD_LIBRARY_PATH} VIRTUAL_ENV_PROMPT=(pio_env) /usr/bin/cmake --install /home/basil/lucy/build/pico_hardware_interface
