[0.030s] Invoking command in '/home/basil/lucy/build/lucy': CMAKE_PREFIX_PATH=${CMAKE_PREFIX_PATH}:/home/basil/project/lucy/install/twist_stamper:/opt/ros/jazzy VIRTUAL_ENV_PROMPT=(pio_env) /usr/bin/cmake --build /home/basil/lucy/build/lucy -- -j4 -l4
[0.224s] [  9%] Built target sllidar_client
[0.393s] [ 18%] Built target servo_publisher_node
[0.527s] [100%] Built target sllidar_node
[0.758s] Invoked command in '/home/basil/lucy/build/lucy' returned '0': CMAKE_PREFIX_PATH=${CMAKE_PREFIX_PATH}:/home/basil/project/lucy/install/twist_stamper:/opt/ros/jazzy VIRTUAL_ENV_PROMPT=(pio_env) /usr/bin/cmake --build /home/basil/lucy/build/lucy -- -j4 -l4
[0.760s] Invoking command in '/home/basil/lucy/build/lucy': CMAKE_PREFIX_PATH=${CMAKE_PREFIX_PATH}:/home/basil/project/lucy/install/twist_stamper:/opt/ros/jazzy VIRTUAL_ENV_PROMPT=(pio_env) /usr/bin/cmake --install /home/basil/lucy/build/lucy
[0.789s] -- Install configuration: ""
[0.790s] -- Up-to-date: /home/basil/lucy/install/lucy/lib/lucy/servo_publisher_node
[0.790s] -- Up-to-date: /home/basil/lucy/install/lucy/lib/lucy/sllidar_node
[0.791s] -- Up-to-date: /home/basil/lucy/install/lucy/lib/lucy/sllidar_client
[0.791s] -- Up-to-date: /home/basil/lucy/install/lucy/share/lucy/config
[0.791s] -- Up-to-date: /home/basil/lucy/install/lucy/share/lucy/config/mapper_params_online_async.yaml
[0.791s] -- Up-to-date: /home/basil/lucy/install/lucy/share/lucy/config/twist_mux.yaml
[0.791s] -- Up-to-date: /home/basil/lucy/install/lucy/share/lucy/config/joystick.yaml
[0.791s] -- Up-to-date: /home/basil/lucy/install/lucy/share/lucy/config/view_bot.rviz
[0.791s] -- Up-to-date: /home/basil/lucy/install/lucy/share/lucy/config/map.rviz
[0.792s] -- Up-to-date: /home/basil/lucy/install/lucy/share/lucy/config/ekf.yaml
[0.794s] -- Up-to-date: /home/basil/lucy/install/lucy/share/lucy/config/gz_bridge.yaml
[0.795s] -- Up-to-date: /home/basil/lucy/install/lucy/share/lucy/config/my_controllers copy.yaml
[0.795s] -- Up-to-date: /home/basil/lucy/install/lucy/share/lucy/config/main.rviz
[0.795s] -- Up-to-date: /home/basil/lucy/install/lucy/share/lucy/config/nav2_params.yaml
[0.798s] -- Up-to-date: /home/basil/lucy/install/lucy/share/lucy/config/gaz_ros2_ctl_use_sim.yaml
[0.798s] -- Up-to-date: /home/basil/lucy/install/lucy/share/lucy/config/my_controllers.yaml
[0.799s] -- Up-to-date: /home/basil/lucy/install/lucy/share/lucy/config/empty.yaml
[0.799s] -- Up-to-date: /home/basil/lucy/install/lucy/share/lucy/config/drive_bot.rviz
[0.799s] -- Up-to-date: /home/basil/lucy/install/lucy/share/lucy/description
[0.799s] -- Up-to-date: /home/basil/lucy/install/lucy/share/lucy/description/lucy.body.xacro
[0.799s] -- Up-to-date: /home/basil/lucy/install/lucy/share/lucy/description/lucy.control.xacro
[0.799s] -- Up-to-date: /home/basil/lucy/install/lucy/share/lucy/description/lucy.material.xacro
[0.799s] -- Up-to-date: /home/basil/lucy/install/lucy/share/lucy/description/lucy.urdf.xacro
[0.799s] -- Up-to-date: /home/basil/lucy/install/lucy/share/lucy/launch
[0.799s] -- Up-to-date: /home/basil/lucy/install/lucy/share/lucy/launch/lucy.launch.py
[0.799s] -- Up-to-date: /home/basil/lucy/install/lucy/share/lucy/launch/online_async_launch.py
[0.799s] -- Up-to-date: /home/basil/lucy/install/lucy/share/lucy/launch/navigation_launch.py
[0.800s] -- Up-to-date: /home/basil/lucy/install/lucy/share/lucy/launch/sllidar_c1_launch.py
[0.800s] -- Up-to-date: /home/basil/lucy/install/lucy/share/lucy/launch/pantilt_bot.launch.py
[0.806s] -- Up-to-date: /home/basil/lucy/install/lucy/share/lucy/launch/imu_odom_pub.launch.py
[0.807s] -- Up-to-date: /home/basil/lucy/install/lucy/share/lucy/launch/display.launch.py
[0.807s] -- Up-to-date: /home/basil/lucy/install/lucy/share/lucy/launch/joystick.launch.py
[0.807s] -- Up-to-date: /home/basil/lucy/install/lucy/share/lucy/launch/rsp.launch.py
[0.807s] -- Up-to-date: /home/basil/lucy/install/lucy/share/lucy/launch/launch_robot.launch.py
[0.807s] -- Up-to-date: /home/basil/lucy/install/lucy/share/lucy/launch/localization_launch.py
[0.807s] -- Up-to-date: /home/basil/lucy/install/lucy/share/lucy/launch/ekf.launch.py
[0.808s] -- Up-to-date: /home/basil/lucy/install/lucy/share/lucy/launch/view_sllidar_c1_launch.py
[0.808s] -- Up-to-date: /home/basil/lucy/install/lucy/share/lucy/launch/servo_jsp.launch.py
[0.808s] -- Up-to-date: /home/basil/lucy/install/lucy/share/ament_index/resource_index/package_run_dependencies/lucy
[0.808s] -- Up-to-date: /home/basil/lucy/install/lucy/share/ament_index/resource_index/parent_prefix_path/lucy
[0.809s] -- Up-to-date: /home/basil/lucy/install/lucy/share/lucy/environment/ament_prefix_path.sh
[0.809s] -- Up-to-date: /home/basil/lucy/install/lucy/share/lucy/environment/ament_prefix_path.dsv
[0.809s] -- Up-to-date: /home/basil/lucy/install/lucy/share/lucy/environment/path.sh
[0.810s] -- Up-to-date: /home/basil/lucy/install/lucy/share/lucy/environment/path.dsv
[0.810s] -- Up-to-date: /home/basil/lucy/install/lucy/share/lucy/local_setup.bash
[0.811s] -- Up-to-date: /home/basil/lucy/install/lucy/share/lucy/local_setup.sh
[0.811s] -- Up-to-date: /home/basil/lucy/install/lucy/share/lucy/local_setup.zsh
[0.811s] -- Up-to-date: /home/basil/lucy/install/lucy/share/lucy/local_setup.dsv
[0.811s] -- Installing: /home/basil/lucy/install/lucy/share/lucy/package.dsv
[0.817s] -- Up-to-date: /home/basil/lucy/install/lucy/share/ament_index/resource_index/packages/lucy
[0.817s] -- Up-to-date: /home/basil/lucy/install/lucy/share/lucy/cmake/ament_cmake_export_dependencies-extras.cmake
[0.817s] -- Up-to-date: /home/basil/lucy/install/lucy/share/lucy/cmake/ament_cmake_export_include_directories-extras.cmake
[0.818s] -- Up-to-date: /home/basil/lucy/install/lucy/share/lucy/cmake/lucyConfig.cmake
[0.818s] -- Up-to-date: /home/basil/lucy/install/lucy/share/lucy/cmake/lucyConfig-version.cmake
[0.819s] -- Up-to-date: /home/basil/lucy/install/lucy/share/lucy/package.xml
[0.844s] Invoked command in '/home/basil/lucy/build/lucy' returned '0': CMAKE_PREFIX_PATH=${CMAKE_PREFIX_PATH}:/home/basil/project/lucy/install/twist_stamper:/opt/ros/jazzy VIRTUAL_ENV_PROMPT=(pio_env) /usr/bin/cmake --install /home/basil/lucy/build/lucy
