[0.218s] DEBUG:colcon:Command line arguments: ['/usr/bin/colcon', 'build']
[0.218s] DEBUG:colcon:Parsed command line arguments: Namespace(log_base=None, log_level=None, verb_name='build', build_base='build', install_base='install', merge_install=False, symlink_install=False, test_result_base=None, continue_on_error=False, executor='parallel', parallel_workers=4, event_handlers=None, ignore_user_meta=False, metas=['./colcon.meta'], base_paths=['.'], packages_ignore=None, packages_ignore_regex=None, paths=None, packages_up_to=None, packages_up_to_regex=None, packages_above=None, packages_above_and_dependencies=None, packages_above_depth=None, packages_select_by_dep=None, packages_skip_by_dep=None, packages_skip_up_to=None, packages_select_build_failed=False, packages_skip_build_finished=False, packages_select_test_failures=False, packages_skip_test_passed=False, packages_select=None, packages_skip=None, packages_select_regex=None, packages_skip_regex=None, packages_start=None, packages_end=None, allow_overriding=[], cmake_args=None, cmake_target=None, cmake_target_skip_unavailable=False, cmake_clean_cache=False, cmake_clean_first=False, cmake_force_configure=False, ament_cmake_args=None, catkin_cmake_args=None, catkin_skip_building_tests=False, mixin_files=None, mixin=None, verb_parser=<colcon_mixin.mixin.mixin_argument.MixinArgumentDecorator object at 0xffffbd038620>, verb_extension=<colcon_core.verb.build.BuildVerb object at 0xffffbd038320>, main=<bound method BuildVerb.main of <colcon_core.verb.build.BuildVerb object at 0xffffbd038320>>, mixin_verb=('build',))
[0.307s] Level 1:colcon.colcon_core.package_discovery:discover_packages(colcon_meta) check parameters
[0.307s] Level 1:colcon.colcon_core.package_discovery:discover_packages(recursive) check parameters
[0.307s] Level 1:colcon.colcon_core.package_discovery:discover_packages(ignore) check parameters
[0.307s] Level 1:colcon.colcon_core.package_discovery:discover_packages(path) check parameters
[0.307s] Level 1:colcon.colcon_core.package_discovery:discover_packages(colcon_meta) discover
[0.308s] Level 1:colcon.colcon_core.package_discovery:discover_packages(recursive) discover
[0.308s] INFO:colcon.colcon_core.package_discovery:Crawling recursively for packages in '/home/basil/lucy'
[0.308s] Level 1:colcon.colcon_core.package_identification:_identify(.) by extensions ['ignore', 'ignore_ament_install']
[0.308s] Level 1:colcon.colcon_core.package_identification:_identify(.) by extension 'ignore'
[0.308s] Level 1:colcon.colcon_core.package_identification:_identify(.) by extension 'ignore_ament_install'
[0.308s] Level 1:colcon.colcon_core.package_identification:_identify(.) by extensions ['colcon_pkg']
[0.308s] Level 1:colcon.colcon_core.package_identification:_identify(.) by extension 'colcon_pkg'
[0.308s] Level 1:colcon.colcon_core.package_identification:_identify(.) by extensions ['colcon_meta']
[0.308s] Level 1:colcon.colcon_core.package_identification:_identify(.) by extension 'colcon_meta'
[0.308s] Level 1:colcon.colcon_core.package_identification:_identify(.) by extensions ['ros']
[0.308s] Level 1:colcon.colcon_core.package_identification:_identify(.) by extension 'ros'
[0.350s] Level 1:colcon.colcon_core.package_identification:_identify(.) by extensions ['cmake', 'python']
[0.351s] Level 1:colcon.colcon_core.package_identification:_identify(.) by extension 'cmake'
[0.351s] Level 1:colcon.colcon_core.package_identification:_identify(.) by extension 'python'
[0.351s] Level 1:colcon.colcon_core.package_identification:_identify(.) by extensions ['python_setup_py']
[0.351s] Level 1:colcon.colcon_core.package_identification:_identify(.) by extension 'python_setup_py'
[0.351s] Level 1:colcon.colcon_core.package_identification:_identify(build) by extensions ['ignore', 'ignore_ament_install']
[0.351s] Level 1:colcon.colcon_core.package_identification:_identify(build) by extension 'ignore'
[0.351s] Level 1:colcon.colcon_core.package_identification:_identify(build) ignored
[0.351s] Level 1:colcon.colcon_core.package_identification:_identify(install) by extensions ['ignore', 'ignore_ament_install']
[0.351s] Level 1:colcon.colcon_core.package_identification:_identify(install) by extension 'ignore'
[0.352s] Level 1:colcon.colcon_core.package_identification:_identify(install) ignored
[0.352s] Level 1:colcon.colcon_core.package_identification:_identify(log) by extensions ['ignore', 'ignore_ament_install']
[0.352s] Level 1:colcon.colcon_core.package_identification:_identify(log) by extension 'ignore'
[0.352s] Level 1:colcon.colcon_core.package_identification:_identify(log) ignored
[0.352s] Level 1:colcon.colcon_core.package_identification:_identify(lucy) by extensions ['ignore', 'ignore_ament_install']
[0.352s] Level 1:colcon.colcon_core.package_identification:_identify(lucy) by extension 'ignore'
[0.352s] Level 1:colcon.colcon_core.package_identification:_identify(lucy) by extension 'ignore_ament_install'
[0.352s] Level 1:colcon.colcon_core.package_identification:_identify(lucy) by extensions ['colcon_pkg']
[0.352s] Level 1:colcon.colcon_core.package_identification:_identify(lucy) by extension 'colcon_pkg'
[0.352s] Level 1:colcon.colcon_core.package_identification:_identify(lucy) by extensions ['colcon_meta']
[0.352s] Level 1:colcon.colcon_core.package_identification:_identify(lucy) by extension 'colcon_meta'
[0.352s] Level 1:colcon.colcon_core.package_identification:_identify(lucy) by extensions ['ros']
[0.352s] Level 1:colcon.colcon_core.package_identification:_identify(lucy) by extension 'ros'
[0.357s] DEBUG:colcon.colcon_core.package_identification:Package 'lucy' with type 'ros.ament_cmake' and name 'lucy'
[0.358s] Level 1:colcon.colcon_core.package_identification:_identify(pico_hardware) by extensions ['ignore', 'ignore_ament_install']
[0.358s] Level 1:colcon.colcon_core.package_identification:_identify(pico_hardware) by extension 'ignore'
[0.358s] Level 1:colcon.colcon_core.package_identification:_identify(pico_hardware) by extension 'ignore_ament_install'
[0.358s] Level 1:colcon.colcon_core.package_identification:_identify(pico_hardware) by extensions ['colcon_pkg']
[0.358s] Level 1:colcon.colcon_core.package_identification:_identify(pico_hardware) by extension 'colcon_pkg'
[0.358s] Level 1:colcon.colcon_core.package_identification:_identify(pico_hardware) by extensions ['colcon_meta']
[0.358s] Level 1:colcon.colcon_core.package_identification:_identify(pico_hardware) by extension 'colcon_meta'
[0.358s] Level 1:colcon.colcon_core.package_identification:_identify(pico_hardware) by extensions ['ros']
[0.358s] Level 1:colcon.colcon_core.package_identification:_identify(pico_hardware) by extension 'ros'
[0.360s] DEBUG:colcon.colcon_core.package_identification:Package 'pico_hardware' with type 'ros.ament_cmake' and name 'pico_hardware_interface'
[0.360s] Level 1:colcon.colcon_core.package_identification:_identify(serial) by extensions ['ignore', 'ignore_ament_install']
[0.360s] Level 1:colcon.colcon_core.package_identification:_identify(serial) by extension 'ignore'
[0.360s] Level 1:colcon.colcon_core.package_identification:_identify(serial) by extension 'ignore_ament_install'
[0.360s] Level 1:colcon.colcon_core.package_identification:_identify(serial) by extensions ['colcon_pkg']
[0.360s] Level 1:colcon.colcon_core.package_identification:_identify(serial) by extension 'colcon_pkg'
[0.360s] Level 1:colcon.colcon_core.package_identification:_identify(serial) by extensions ['colcon_meta']
[0.360s] Level 1:colcon.colcon_core.package_identification:_identify(serial) by extension 'colcon_meta'
[0.360s] Level 1:colcon.colcon_core.package_identification:_identify(serial) by extensions ['ros']
[0.360s] Level 1:colcon.colcon_core.package_identification:_identify(serial) by extension 'ros'
[0.362s] DEBUG:colcon.colcon_core.package_identification:Package 'serial' with type 'ros.ament_cmake' and name 'serial'
[0.362s] Level 1:colcon.colcon_core.package_identification:_identify(twist_stamper) by extensions ['ignore', 'ignore_ament_install']
[0.362s] Level 1:colcon.colcon_core.package_identification:_identify(twist_stamper) by extension 'ignore'
[0.362s] Level 1:colcon.colcon_core.package_identification:_identify(twist_stamper) by extension 'ignore_ament_install'
[0.362s] Level 1:colcon.colcon_core.package_identification:_identify(twist_stamper) by extensions ['colcon_pkg']
[0.362s] Level 1:colcon.colcon_core.package_identification:_identify(twist_stamper) by extension 'colcon_pkg'
[0.362s] Level 1:colcon.colcon_core.package_identification:_identify(twist_stamper) by extensions ['colcon_meta']
[0.362s] Level 1:colcon.colcon_core.package_identification:_identify(twist_stamper) by extension 'colcon_meta'
[0.362s] Level 1:colcon.colcon_core.package_identification:_identify(twist_stamper) by extensions ['ros']
[0.362s] Level 1:colcon.colcon_core.package_identification:_identify(twist_stamper) by extension 'ros'
[0.363s] DEBUG:colcon.colcon_core.package_identification:Package 'twist_stamper' with type 'ros.ament_python' and name 'twist_stamper'
[0.363s] Level 1:colcon.colcon_core.package_discovery:discover_packages(recursive) using defaults
[0.363s] Level 1:colcon.colcon_core.package_discovery:discover_packages(ignore) discover
[0.363s] Level 1:colcon.colcon_core.package_discovery:discover_packages(ignore) using defaults
[0.363s] Level 1:colcon.colcon_core.package_discovery:discover_packages(path) discover
[0.363s] Level 1:colcon.colcon_core.package_discovery:discover_packages(path) using defaults
[0.408s] Level 1:colcon.colcon_core.package_discovery:discover_packages(prefix_path) check parameters
[0.408s] Level 1:colcon.colcon_core.package_discovery:discover_packages(prefix_path) discover
[0.416s] DEBUG:colcon.colcon_installed_package_information.package_discovery:Found 7 installed packages in /home/basil/project/lucy/install
[0.423s] DEBUG:colcon.colcon_installed_package_information.package_discovery:Found 430 installed packages in /opt/ros/jazzy
[0.429s] Level 1:colcon.colcon_core.package_discovery:discover_packages(prefix_path) using defaults
[0.599s] Level 5:colcon.colcon_core.verb:set package 'lucy' build argument 'cmake_args' from command line to 'None'
[0.599s] Level 5:colcon.colcon_core.verb:set package 'lucy' build argument 'cmake_target' from command line to 'None'
[0.600s] Level 5:colcon.colcon_core.verb:set package 'lucy' build argument 'cmake_target_skip_unavailable' from command line to 'False'
[0.600s] Level 5:colcon.colcon_core.verb:set package 'lucy' build argument 'cmake_clean_cache' from command line to 'False'
[0.600s] Level 5:colcon.colcon_core.verb:set package 'lucy' build argument 'cmake_clean_first' from command line to 'False'
[0.600s] Level 5:colcon.colcon_core.verb:set package 'lucy' build argument 'cmake_force_configure' from command line to 'False'
[0.600s] Level 5:colcon.colcon_core.verb:set package 'lucy' build argument 'ament_cmake_args' from command line to 'None'
[0.600s] Level 5:colcon.colcon_core.verb:set package 'lucy' build argument 'catkin_cmake_args' from command line to 'None'
[0.600s] Level 5:colcon.colcon_core.verb:set package 'lucy' build argument 'catkin_skip_building_tests' from command line to 'False'
[0.600s] DEBUG:colcon.colcon_core.verb:Building package 'lucy' with the following arguments: {'ament_cmake_args': None, 'build_base': '/home/basil/lucy/build/lucy', 'catkin_cmake_args': None, 'catkin_skip_building_tests': False, 'cmake_args': None, 'cmake_clean_cache': False, 'cmake_clean_first': False, 'cmake_force_configure': False, 'cmake_target': None, 'cmake_target_skip_unavailable': False, 'install_base': '/home/basil/lucy/install/lucy', 'merge_install': False, 'path': '/home/basil/lucy/lucy', 'symlink_install': False, 'test_result_base': None}
[0.600s] Level 5:colcon.colcon_core.verb:set package 'serial' build argument 'cmake_args' from command line to 'None'
[0.600s] Level 5:colcon.colcon_core.verb:set package 'serial' build argument 'cmake_target' from command line to 'None'
[0.600s] Level 5:colcon.colcon_core.verb:set package 'serial' build argument 'cmake_target_skip_unavailable' from command line to 'False'
[0.600s] Level 5:colcon.colcon_core.verb:set package 'serial' build argument 'cmake_clean_cache' from command line to 'False'
[0.600s] Level 5:colcon.colcon_core.verb:set package 'serial' build argument 'cmake_clean_first' from command line to 'False'
[0.600s] Level 5:colcon.colcon_core.verb:set package 'serial' build argument 'cmake_force_configure' from command line to 'False'
[0.601s] Level 5:colcon.colcon_core.verb:set package 'serial' build argument 'ament_cmake_args' from command line to 'None'
[0.601s] Level 5:colcon.colcon_core.verb:set package 'serial' build argument 'catkin_cmake_args' from command line to 'None'
[0.601s] Level 5:colcon.colcon_core.verb:set package 'serial' build argument 'catkin_skip_building_tests' from command line to 'False'
[0.601s] DEBUG:colcon.colcon_core.verb:Building package 'serial' with the following arguments: {'ament_cmake_args': None, 'build_base': '/home/basil/lucy/build/serial', 'catkin_cmake_args': None, 'catkin_skip_building_tests': False, 'cmake_args': None, 'cmake_clean_cache': False, 'cmake_clean_first': False, 'cmake_force_configure': False, 'cmake_target': None, 'cmake_target_skip_unavailable': False, 'install_base': '/home/basil/lucy/install/serial', 'merge_install': False, 'path': '/home/basil/lucy/serial', 'symlink_install': False, 'test_result_base': None}
[0.601s] Level 5:colcon.colcon_core.verb:set package 'twist_stamper' build argument 'cmake_args' from command line to 'None'
[0.601s] Level 5:colcon.colcon_core.verb:set package 'twist_stamper' build argument 'cmake_target' from command line to 'None'
[0.601s] Level 5:colcon.colcon_core.verb:set package 'twist_stamper' build argument 'cmake_target_skip_unavailable' from command line to 'False'
[0.601s] Level 5:colcon.colcon_core.verb:set package 'twist_stamper' build argument 'cmake_clean_cache' from command line to 'False'
[0.601s] Level 5:colcon.colcon_core.verb:set package 'twist_stamper' build argument 'cmake_clean_first' from command line to 'False'
[0.601s] Level 5:colcon.colcon_core.verb:set package 'twist_stamper' build argument 'cmake_force_configure' from command line to 'False'
[0.601s] Level 5:colcon.colcon_core.verb:set package 'twist_stamper' build argument 'ament_cmake_args' from command line to 'None'
[0.601s] Level 5:colcon.colcon_core.verb:set package 'twist_stamper' build argument 'catkin_cmake_args' from command line to 'None'
[0.601s] Level 5:colcon.colcon_core.verb:set package 'twist_stamper' build argument 'catkin_skip_building_tests' from command line to 'False'
[0.601s] DEBUG:colcon.colcon_core.verb:Building package 'twist_stamper' with the following arguments: {'ament_cmake_args': None, 'build_base': '/home/basil/lucy/build/twist_stamper', 'catkin_cmake_args': None, 'catkin_skip_building_tests': False, 'cmake_args': None, 'cmake_clean_cache': False, 'cmake_clean_first': False, 'cmake_force_configure': False, 'cmake_target': None, 'cmake_target_skip_unavailable': False, 'install_base': '/home/basil/lucy/install/twist_stamper', 'merge_install': False, 'path': '/home/basil/lucy/twist_stamper', 'symlink_install': False, 'test_result_base': None}
[0.602s] Level 5:colcon.colcon_core.verb:set package 'pico_hardware_interface' build argument 'cmake_args' from command line to 'None'
[0.602s] Level 5:colcon.colcon_core.verb:set package 'pico_hardware_interface' build argument 'cmake_target' from command line to 'None'
[0.602s] Level 5:colcon.colcon_core.verb:set package 'pico_hardware_interface' build argument 'cmake_target_skip_unavailable' from command line to 'False'
[0.602s] Level 5:colcon.colcon_core.verb:set package 'pico_hardware_interface' build argument 'cmake_clean_cache' from command line to 'False'
[0.602s] Level 5:colcon.colcon_core.verb:set package 'pico_hardware_interface' build argument 'cmake_clean_first' from command line to 'False'
[0.602s] Level 5:colcon.colcon_core.verb:set package 'pico_hardware_interface' build argument 'cmake_force_configure' from command line to 'False'
[0.602s] Level 5:colcon.colcon_core.verb:set package 'pico_hardware_interface' build argument 'ament_cmake_args' from command line to 'None'
[0.602s] Level 5:colcon.colcon_core.verb:set package 'pico_hardware_interface' build argument 'catkin_cmake_args' from command line to 'None'
[0.602s] Level 5:colcon.colcon_core.verb:set package 'pico_hardware_interface' build argument 'catkin_skip_building_tests' from command line to 'False'
[0.602s] DEBUG:colcon.colcon_core.verb:Building package 'pico_hardware_interface' with the following arguments: {'ament_cmake_args': None, 'build_base': '/home/basil/lucy/build/pico_hardware_interface', 'catkin_cmake_args': None, 'catkin_skip_building_tests': False, 'cmake_args': None, 'cmake_clean_cache': False, 'cmake_clean_first': False, 'cmake_force_configure': False, 'cmake_target': None, 'cmake_target_skip_unavailable': False, 'install_base': '/home/basil/lucy/install/pico_hardware_interface', 'merge_install': False, 'path': '/home/basil/lucy/pico_hardware', 'symlink_install': False, 'test_result_base': None}
[0.602s] INFO:colcon.colcon_core.executor:Executing jobs using 'parallel' executor
[0.604s] DEBUG:colcon.colcon_parallel_executor.executor.parallel:run_until_complete
[0.604s] INFO:colcon.colcon_ros.task.ament_cmake.build:Building ROS package in '/home/basil/lucy/serial' with build type 'ament_cmake'
[0.604s] INFO:colcon.colcon_cmake.task.cmake.build:Building CMake package in '/home/basil/lucy/serial'
[0.607s] INFO:colcon.colcon_core.plugin_system:Skipping extension 'colcon_core.shell.bat': Not used on non-Windows systems
[0.607s] INFO:colcon.colcon_core.shell:Skip shell extension 'powershell' for command environment: Not usable outside of PowerShell
[0.607s] DEBUG:colcon.colcon_core.shell:Skip shell extension 'dsv' for command environment
[0.615s] INFO:colcon.colcon_ros.task.ament_cmake.build:Building ROS package in '/home/basil/lucy/lucy' with build type 'ament_cmake'
[0.615s] INFO:colcon.colcon_cmake.task.cmake.build:Building CMake package in '/home/basil/lucy/lucy'
[0.616s] INFO:colcon.colcon_core.shell:Skip shell extension 'powershell' for command environment: Not usable outside of PowerShell
[0.616s] DEBUG:colcon.colcon_core.shell:Skip shell extension 'dsv' for command environment
[0.622s] INFO:colcon.colcon_ros.task.ament_python.build:Building ROS package in '/home/basil/lucy/twist_stamper' with build type 'ament_python'
[0.623s] Level 1:colcon.colcon_core.shell:create_environment_hook('twist_stamper', 'ament_prefix_path')
[0.623s] INFO:colcon.colcon_core.shell:Creating environment hook '/home/basil/lucy/install/twist_stamper/share/twist_stamper/hook/ament_prefix_path.ps1'
[0.625s] INFO:colcon.colcon_core.shell:Creating environment descriptor '/home/basil/lucy/install/twist_stamper/share/twist_stamper/hook/ament_prefix_path.dsv'
[0.626s] INFO:colcon.colcon_core.shell:Creating environment hook '/home/basil/lucy/install/twist_stamper/share/twist_stamper/hook/ament_prefix_path.sh'
[0.627s] INFO:colcon.colcon_core.shell:Skip shell extension 'powershell' for command environment: Not usable outside of PowerShell
[0.627s] DEBUG:colcon.colcon_core.shell:Skip shell extension 'dsv' for command environment
[0.640s] DEBUG:colcon.colcon_core.event_handler.log_command:Invoking command in '/home/basil/lucy/build/serial': CMAKE_PREFIX_PATH=${CMAKE_PREFIX_PATH}:/home/basil/project/lucy/install/twist_stamper:/opt/ros/jazzy VIRTUAL_ENV_PROMPT=(pio_env) /usr/bin/cmake --build /home/basil/lucy/build/serial -- -j4 -l4
[0.646s] DEBUG:colcon.colcon_core.event_handler.log_command:Invoking command in '/home/basil/lucy/build/lucy': CMAKE_PREFIX_PATH=${CMAKE_PREFIX_PATH}:/home/basil/project/lucy/install/twist_stamper:/opt/ros/jazzy VIRTUAL_ENV_PROMPT=(pio_env) /usr/bin/cmake --build /home/basil/lucy/build/lucy -- -j4 -l4
[1.307s] INFO:colcon.colcon_core.task.python.build:Building Python package in '/home/basil/lucy/twist_stamper'
[1.308s] INFO:colcon.colcon_core.shell:Skip shell extension 'powershell' for command environment: Not usable outside of PowerShell
[1.308s] DEBUG:colcon.colcon_core.shell:Skip shell extension 'dsv' for command environment
[1.330s] DEBUG:colcon.colcon_core.event_handler.log_command:Invoked command in '/home/basil/lucy/build/serial' returned '0': CMAKE_PREFIX_PATH=${CMAKE_PREFIX_PATH}:/home/basil/project/lucy/install/twist_stamper:/opt/ros/jazzy VIRTUAL_ENV_PROMPT=(pio_env) /usr/bin/cmake --build /home/basil/lucy/build/serial -- -j4 -l4
[1.369s] DEBUG:colcon.colcon_core.event_handler.log_command:Invoking command in '/home/basil/lucy/build/serial': CMAKE_PREFIX_PATH=${CMAKE_PREFIX_PATH}:/home/basil/project/lucy/install/twist_stamper:/opt/ros/jazzy VIRTUAL_ENV_PROMPT=(pio_env) /usr/bin/cmake --install /home/basil/lucy/build/serial
[1.374s] DEBUG:colcon.colcon_core.event_handler.log_command:Invoked command in '/home/basil/lucy/build/lucy' returned '0': CMAKE_PREFIX_PATH=${CMAKE_PREFIX_PATH}:/home/basil/project/lucy/install/twist_stamper:/opt/ros/jazzy VIRTUAL_ENV_PROMPT=(pio_env) /usr/bin/cmake --build /home/basil/lucy/build/lucy -- -j4 -l4
[1.376s] DEBUG:colcon.colcon_core.event_handler.log_command:Invoking command in '/home/basil/lucy/build/lucy': CMAKE_PREFIX_PATH=${CMAKE_PREFIX_PATH}:/home/basil/project/lucy/install/twist_stamper:/opt/ros/jazzy VIRTUAL_ENV_PROMPT=(pio_env) /usr/bin/cmake --install /home/basil/lucy/build/lucy
[1.413s] Level 1:colcon.colcon_core.environment:create_environment_scripts_only(serial)
[1.419s] Level 1:colcon.colcon_core.environment:checking '/home/basil/lucy/install/serial' for CMake module files
[1.420s] Level 1:colcon.colcon_core.environment:checking '/home/basil/lucy/install/serial' for CMake config files
[1.420s] Level 1:colcon.colcon_core.shell:create_environment_hook('serial', 'cmake_prefix_path')
[1.420s] INFO:colcon.colcon_core.shell:Creating environment hook '/home/basil/lucy/install/serial/share/serial/hook/cmake_prefix_path.ps1'
[1.421s] INFO:colcon.colcon_core.shell:Creating environment descriptor '/home/basil/lucy/install/serial/share/serial/hook/cmake_prefix_path.dsv'
[1.423s] INFO:colcon.colcon_core.shell:Creating environment hook '/home/basil/lucy/install/serial/share/serial/hook/cmake_prefix_path.sh'
[1.426s] Level 1:colcon.colcon_core.environment:checking '/home/basil/lucy/install/serial/lib'
[1.426s] Level 1:colcon.colcon_core.environment:checking '/home/basil/lucy/install/serial/bin'
[1.427s] Level 1:colcon.colcon_core.environment:checking '/home/basil/lucy/install/serial/lib/pkgconfig/serial.pc'
[1.427s] Level 1:colcon.colcon_core.environment:checking '/home/basil/lucy/install/serial/lib/python3.12/site-packages'
[1.427s] Level 1:colcon.colcon_core.environment:checking '/home/basil/lucy/install/serial/bin'
[1.428s] INFO:colcon.colcon_core.shell:Creating package script '/home/basil/lucy/install/serial/share/serial/package.ps1'
[1.429s] INFO:colcon.colcon_core.shell:Creating package descriptor '/home/basil/lucy/install/serial/share/serial/package.dsv'
[1.430s] INFO:colcon.colcon_core.shell:Creating package script '/home/basil/lucy/install/serial/share/serial/package.sh'
[1.431s] INFO:colcon.colcon_core.shell:Creating package script '/home/basil/lucy/install/serial/share/serial/package.bash'
[1.433s] INFO:colcon.colcon_core.shell:Creating package script '/home/basil/lucy/install/serial/share/serial/package.zsh'
[1.434s] DEBUG:colcon.colcon_core.event_handler.log_command:Invoked command in '/home/basil/lucy/build/serial' returned '0': CMAKE_PREFIX_PATH=${CMAKE_PREFIX_PATH}:/home/basil/project/lucy/install/twist_stamper:/opt/ros/jazzy VIRTUAL_ENV_PROMPT=(pio_env) /usr/bin/cmake --install /home/basil/lucy/build/serial
[1.435s] Level 1:colcon.colcon_core.environment:create_file_with_runtime_dependencies(/home/basil/lucy/install/serial/share/colcon-core/packages/serial)
[1.436s] Level 1:colcon.colcon_core.environment:create_environment_scripts_only(serial)
[1.436s] Level 1:colcon.colcon_core.environment:checking '/home/basil/lucy/install/serial' for CMake module files
[1.437s] Level 1:colcon.colcon_core.environment:checking '/home/basil/lucy/install/serial' for CMake config files
[1.437s] Level 1:colcon.colcon_core.shell:create_environment_hook('serial', 'cmake_prefix_path')
[1.438s] INFO:colcon.colcon_core.shell:Creating environment hook '/home/basil/lucy/install/serial/share/serial/hook/cmake_prefix_path.ps1'
[1.439s] INFO:colcon.colcon_core.shell:Creating environment descriptor '/home/basil/lucy/install/serial/share/serial/hook/cmake_prefix_path.dsv'
[1.439s] INFO:colcon.colcon_core.shell:Creating environment hook '/home/basil/lucy/install/serial/share/serial/hook/cmake_prefix_path.sh'
[1.443s] Level 1:colcon.colcon_core.environment:checking '/home/basil/lucy/install/serial/lib'
[1.443s] Level 1:colcon.colcon_core.environment:checking '/home/basil/lucy/install/serial/bin'
[1.444s] Level 1:colcon.colcon_core.environment:checking '/home/basil/lucy/install/serial/lib/pkgconfig/serial.pc'
[1.444s] Level 1:colcon.colcon_core.environment:checking '/home/basil/lucy/install/serial/lib/python3.12/site-packages'
[1.444s] Level 1:colcon.colcon_core.environment:checking '/home/basil/lucy/install/serial/bin'
[1.445s] INFO:colcon.colcon_core.shell:Creating package script '/home/basil/lucy/install/serial/share/serial/package.ps1'
[1.445s] INFO:colcon.colcon_core.shell:Creating package descriptor '/home/basil/lucy/install/serial/share/serial/package.dsv'
[1.446s] INFO:colcon.colcon_core.shell:Creating package script '/home/basil/lucy/install/serial/share/serial/package.sh'
[1.447s] INFO:colcon.colcon_core.shell:Creating package script '/home/basil/lucy/install/serial/share/serial/package.bash'
[1.448s] INFO:colcon.colcon_core.shell:Creating package script '/home/basil/lucy/install/serial/share/serial/package.zsh'
[1.449s] Level 1:colcon.colcon_core.environment:create_file_with_runtime_dependencies(/home/basil/lucy/install/serial/share/colcon-core/packages/serial)
[1.450s] INFO:colcon.colcon_ros.task.ament_cmake.build:Building ROS package in '/home/basil/lucy/pico_hardware' with build type 'ament_cmake'
[1.450s] INFO:colcon.colcon_cmake.task.cmake.build:Building CMake package in '/home/basil/lucy/pico_hardware'
[1.451s] INFO:colcon.colcon_core.shell:Skip shell extension 'powershell' for command environment: Not usable outside of PowerShell
[1.451s] DEBUG:colcon.colcon_core.shell:Skip shell extension 'dsv' for command environment
[1.459s] Level 1:colcon.colcon_core.environment:create_environment_scripts_only(lucy)
[1.459s] Level 1:colcon.colcon_core.environment:checking '/home/basil/lucy/install/lucy' for CMake module files
[1.460s] DEBUG:colcon.colcon_core.event_handler.log_command:Invoked command in '/home/basil/lucy/build/lucy' returned '0': CMAKE_PREFIX_PATH=${CMAKE_PREFIX_PATH}:/home/basil/project/lucy/install/twist_stamper:/opt/ros/jazzy VIRTUAL_ENV_PROMPT=(pio_env) /usr/bin/cmake --install /home/basil/lucy/build/lucy
[1.461s] Level 1:colcon.colcon_core.environment:checking '/home/basil/lucy/install/lucy' for CMake config files
[1.461s] Level 1:colcon.colcon_core.shell:create_environment_hook('lucy', 'cmake_prefix_path')
[1.462s] INFO:colcon.colcon_core.shell:Creating environment hook '/home/basil/lucy/install/lucy/share/lucy/hook/cmake_prefix_path.ps1'
[1.463s] INFO:colcon.colcon_core.shell:Creating environment descriptor '/home/basil/lucy/install/lucy/share/lucy/hook/cmake_prefix_path.dsv'
[1.464s] INFO:colcon.colcon_core.shell:Creating environment hook '/home/basil/lucy/install/lucy/share/lucy/hook/cmake_prefix_path.sh'
[1.465s] Level 1:colcon.colcon_core.environment:checking '/home/basil/lucy/install/lucy/lib'
[1.465s] Level 1:colcon.colcon_core.environment:checking '/home/basil/lucy/install/lucy/bin'
[1.465s] Level 1:colcon.colcon_core.environment:checking '/home/basil/lucy/install/lucy/lib/pkgconfig/lucy.pc'
[1.466s] Level 1:colcon.colcon_core.environment:checking '/home/basil/lucy/install/lucy/lib/python3.12/site-packages'
[1.466s] Level 1:colcon.colcon_core.environment:checking '/home/basil/lucy/install/lucy/bin'
[1.467s] INFO:colcon.colcon_core.shell:Creating package script '/home/basil/lucy/install/lucy/share/lucy/package.ps1'
[1.467s] INFO:colcon.colcon_core.shell:Creating package descriptor '/home/basil/lucy/install/lucy/share/lucy/package.dsv'
[1.468s] INFO:colcon.colcon_core.shell:Creating package script '/home/basil/lucy/install/lucy/share/lucy/package.sh'
[1.469s] INFO:colcon.colcon_core.shell:Creating package script '/home/basil/lucy/install/lucy/share/lucy/package.bash'
[1.470s] INFO:colcon.colcon_core.shell:Creating package script '/home/basil/lucy/install/lucy/share/lucy/package.zsh'
[1.471s] Level 1:colcon.colcon_core.environment:create_file_with_runtime_dependencies(/home/basil/lucy/install/lucy/share/colcon-core/packages/lucy)
[1.472s] Level 1:colcon.colcon_core.environment:create_environment_scripts_only(lucy)
[1.473s] Level 1:colcon.colcon_core.environment:checking '/home/basil/lucy/install/lucy' for CMake module files
[1.474s] Level 1:colcon.colcon_core.environment:checking '/home/basil/lucy/install/lucy' for CMake config files
[1.474s] Level 1:colcon.colcon_core.shell:create_environment_hook('lucy', 'cmake_prefix_path')
[1.474s] INFO:colcon.colcon_core.shell:Creating environment hook '/home/basil/lucy/install/lucy/share/lucy/hook/cmake_prefix_path.ps1'
[1.475s] INFO:colcon.colcon_core.shell:Creating environment descriptor '/home/basil/lucy/install/lucy/share/lucy/hook/cmake_prefix_path.dsv'
[1.476s] INFO:colcon.colcon_core.shell:Creating environment hook '/home/basil/lucy/install/lucy/share/lucy/hook/cmake_prefix_path.sh'
[1.477s] Level 1:colcon.colcon_core.environment:checking '/home/basil/lucy/install/lucy/lib'
[1.477s] Level 1:colcon.colcon_core.environment:checking '/home/basil/lucy/install/lucy/bin'
[1.477s] Level 1:colcon.colcon_core.environment:checking '/home/basil/lucy/install/lucy/lib/pkgconfig/lucy.pc'
[1.477s] Level 1:colcon.colcon_core.environment:checking '/home/basil/lucy/install/lucy/lib/python3.12/site-packages'
[1.478s] Level 1:colcon.colcon_core.environment:checking '/home/basil/lucy/install/lucy/bin'
[1.478s] INFO:colcon.colcon_core.shell:Creating package script '/home/basil/lucy/install/lucy/share/lucy/package.ps1'
[1.479s] INFO:colcon.colcon_core.shell:Creating package descriptor '/home/basil/lucy/install/lucy/share/lucy/package.dsv'
[1.480s] INFO:colcon.colcon_core.shell:Creating package script '/home/basil/lucy/install/lucy/share/lucy/package.sh'
[1.481s] INFO:colcon.colcon_core.shell:Creating package script '/home/basil/lucy/install/lucy/share/lucy/package.bash'
[1.482s] INFO:colcon.colcon_core.shell:Creating package script '/home/basil/lucy/install/lucy/share/lucy/package.zsh'
[1.485s] Level 1:colcon.colcon_core.environment:create_file_with_runtime_dependencies(/home/basil/lucy/install/lucy/share/colcon-core/packages/lucy)
[1.496s] DEBUG:colcon.colcon_core.event_handler.log_command:Invoking command in '/home/basil/lucy/build/pico_hardware_interface': AMENT_PREFIX_PATH=/home/basil/lucy/install/serial:${AMENT_PREFIX_PATH} CMAKE_PREFIX_PATH=/home/basil/lucy/install/serial:/home/basil/project/lucy/install/pico_hardware_interface:/home/basil/project/lucy/install/serial:/home/basil/project/lucy/install/pantilt_bot_description:/home/basil/project/lucy/install/open_manipulator_x_description:/home/basil/project/lucy/install/lucy:/home/basil/project/lucy/install/dynamixel_hardware:/opt/ros/jazzy/opt/gz_sim_vendor:/opt/ros/jazzy/opt/gz_sensors_vendor:/opt/ros/jazzy/opt/gz_physics_vendor:/opt/ros/jazzy/opt/sdformat_vendor:/opt/ros/jazzy/opt/gz_gui_vendor:/opt/ros/jazzy/opt/gz_transport_vendor:/opt/ros/jazzy/opt/gz_rendering_vendor:/opt/ros/jazzy/opt/gz_plugin_vendor:/opt/ros/jazzy/opt/gz_fuel_tools_vendor:/opt/ros/jazzy/opt/gz_msgs_vendor:/opt/ros/jazzy/opt/gz_common_vendor:/opt/ros/jazzy/opt/gz_math_vendor:/opt/ros/jazzy/opt/gz_utils_vendor:/opt/ros/jazzy/opt/gz_tools_vendor:/opt/ros/jazzy/opt/gz_ogre_next_vendor:/opt/ros/jazzy/opt/gz_dartsim_vendor:/opt/ros/jazzy/opt/gz_cmake_vendor:/home/basil/project/lucy/install/twist_stamper:/opt/ros/jazzy LD_LIBRARY_PATH=/home/basil/lucy/install/serial/lib:${LD_LIBRARY_PATH} VIRTUAL_ENV_PROMPT=(pio_env) /usr/bin/cmake --build /home/basil/lucy/build/pico_hardware_interface -- -j4 -l4
[1.725s] DEBUG:colcon.colcon_core.event_handler.log_command:Invoked command in '/home/basil/lucy/build/pico_hardware_interface' returned '0': AMENT_PREFIX_PATH=/home/basil/lucy/install/serial:${AMENT_PREFIX_PATH} CMAKE_PREFIX_PATH=/home/basil/lucy/install/serial:/home/basil/project/lucy/install/pico_hardware_interface:/home/basil/project/lucy/install/serial:/home/basil/project/lucy/install/pantilt_bot_description:/home/basil/project/lucy/install/open_manipulator_x_description:/home/basil/project/lucy/install/lucy:/home/basil/project/lucy/install/dynamixel_hardware:/opt/ros/jazzy/opt/gz_sim_vendor:/opt/ros/jazzy/opt/gz_sensors_vendor:/opt/ros/jazzy/opt/gz_physics_vendor:/opt/ros/jazzy/opt/sdformat_vendor:/opt/ros/jazzy/opt/gz_gui_vendor:/opt/ros/jazzy/opt/gz_transport_vendor:/opt/ros/jazzy/opt/gz_rendering_vendor:/opt/ros/jazzy/opt/gz_plugin_vendor:/opt/ros/jazzy/opt/gz_fuel_tools_vendor:/opt/ros/jazzy/opt/gz_msgs_vendor:/opt/ros/jazzy/opt/gz_common_vendor:/opt/ros/jazzy/opt/gz_math_vendor:/opt/ros/jazzy/opt/gz_utils_vendor:/opt/ros/jazzy/opt/gz_tools_vendor:/opt/ros/jazzy/opt/gz_ogre_next_vendor:/opt/ros/jazzy/opt/gz_dartsim_vendor:/opt/ros/jazzy/opt/gz_cmake_vendor:/home/basil/project/lucy/install/twist_stamper:/opt/ros/jazzy LD_LIBRARY_PATH=/home/basil/lucy/install/serial/lib:${LD_LIBRARY_PATH} VIRTUAL_ENV_PROMPT=(pio_env) /usr/bin/cmake --build /home/basil/lucy/build/pico_hardware_interface -- -j4 -l4
[1.726s] DEBUG:colcon.colcon_core.event_handler.log_command:Invoking command in '/home/basil/lucy/build/pico_hardware_interface': AMENT_PREFIX_PATH=/home/basil/lucy/install/serial:${AMENT_PREFIX_PATH} CMAKE_PREFIX_PATH=/home/basil/lucy/install/serial:/home/basil/project/lucy/install/pico_hardware_interface:/home/basil/project/lucy/install/serial:/home/basil/project/lucy/install/pantilt_bot_description:/home/basil/project/lucy/install/open_manipulator_x_description:/home/basil/project/lucy/install/lucy:/home/basil/project/lucy/install/dynamixel_hardware:/opt/ros/jazzy/opt/gz_sim_vendor:/opt/ros/jazzy/opt/gz_sensors_vendor:/opt/ros/jazzy/opt/gz_physics_vendor:/opt/ros/jazzy/opt/sdformat_vendor:/opt/ros/jazzy/opt/gz_gui_vendor:/opt/ros/jazzy/opt/gz_transport_vendor:/opt/ros/jazzy/opt/gz_rendering_vendor:/opt/ros/jazzy/opt/gz_plugin_vendor:/opt/ros/jazzy/opt/gz_fuel_tools_vendor:/opt/ros/jazzy/opt/gz_msgs_vendor:/opt/ros/jazzy/opt/gz_common_vendor:/opt/ros/jazzy/opt/gz_math_vendor:/opt/ros/jazzy/opt/gz_utils_vendor:/opt/ros/jazzy/opt/gz_tools_vendor:/opt/ros/jazzy/opt/gz_ogre_next_vendor:/opt/ros/jazzy/opt/gz_dartsim_vendor:/opt/ros/jazzy/opt/gz_cmake_vendor:/home/basil/project/lucy/install/twist_stamper:/opt/ros/jazzy LD_LIBRARY_PATH=/home/basil/lucy/install/serial/lib:${LD_LIBRARY_PATH} VIRTUAL_ENV_PROMPT=(pio_env) /usr/bin/cmake --install /home/basil/lucy/build/pico_hardware_interface
[1.784s] Level 1:colcon.colcon_core.environment:create_environment_scripts_only(pico_hardware_interface)
[1.785s] Level 1:colcon.colcon_core.environment:checking '/home/basil/lucy/install/pico_hardware_interface' for CMake module files
[1.786s] Level 1:colcon.colcon_core.environment:checking '/home/basil/lucy/install/pico_hardware_interface' for CMake config files
[1.789s] Level 1:colcon.colcon_core.shell:create_environment_hook('pico_hardware_interface', 'cmake_prefix_path')
[1.790s] INFO:colcon.colcon_core.shell:Creating environment hook '/home/basil/lucy/install/pico_hardware_interface/share/pico_hardware_interface/hook/cmake_prefix_path.ps1'
[1.792s] INFO:colcon.colcon_core.shell:Creating environment descriptor '/home/basil/lucy/install/pico_hardware_interface/share/pico_hardware_interface/hook/cmake_prefix_path.dsv'
[1.800s] INFO:colcon.colcon_core.shell:Creating environment hook '/home/basil/lucy/install/pico_hardware_interface/share/pico_hardware_interface/hook/cmake_prefix_path.sh'
[1.806s] Level 1:colcon.colcon_core.environment:checking '/home/basil/lucy/install/pico_hardware_interface/lib'
[1.806s] Level 1:colcon.colcon_core.environment:checking '/home/basil/lucy/install/pico_hardware_interface/bin'
[1.806s] Level 1:colcon.colcon_core.environment:checking '/home/basil/lucy/install/pico_hardware_interface/lib/pkgconfig/pico_hardware_interface.pc'
[1.808s] Level 1:colcon.colcon_core.environment:checking '/home/basil/lucy/install/pico_hardware_interface/lib/python3.12/site-packages'
[1.810s] Level 1:colcon.colcon_core.environment:checking '/home/basil/lucy/install/pico_hardware_interface/bin'
[1.811s] INFO:colcon.colcon_core.shell:Creating package script '/home/basil/lucy/install/pico_hardware_interface/share/pico_hardware_interface/package.ps1'
[1.812s] INFO:colcon.colcon_core.shell:Creating package descriptor '/home/basil/lucy/install/pico_hardware_interface/share/pico_hardware_interface/package.dsv'
[1.809s] DEBUG:colcon.colcon_core.event_handler.log_command:Invoked command in '/home/basil/lucy/build/pico_hardware_interface' returned '0': AMENT_PREFIX_PATH=/home/basil/lucy/install/serial:${AMENT_PREFIX_PATH} CMAKE_PREFIX_PATH=/home/basil/lucy/install/serial:/home/basil/project/lucy/install/pico_hardware_interface:/home/basil/project/lucy/install/serial:/home/basil/project/lucy/install/pantilt_bot_description:/home/basil/project/lucy/install/open_manipulator_x_description:/home/basil/project/lucy/install/lucy:/home/basil/project/lucy/install/dynamixel_hardware:/opt/ros/jazzy/opt/gz_sim_vendor:/opt/ros/jazzy/opt/gz_sensors_vendor:/opt/ros/jazzy/opt/gz_physics_vendor:/opt/ros/jazzy/opt/sdformat_vendor:/opt/ros/jazzy/opt/gz_gui_vendor:/opt/ros/jazzy/opt/gz_transport_vendor:/opt/ros/jazzy/opt/gz_rendering_vendor:/opt/ros/jazzy/opt/gz_plugin_vendor:/opt/ros/jazzy/opt/gz_fuel_tools_vendor:/opt/ros/jazzy/opt/gz_msgs_vendor:/opt/ros/jazzy/opt/gz_common_vendor:/opt/ros/jazzy/opt/gz_math_vendor:/opt/ros/jazzy/opt/gz_utils_vendor:/opt/ros/jazzy/opt/gz_tools_vendor:/opt/ros/jazzy/opt/gz_ogre_next_vendor:/opt/ros/jazzy/opt/gz_dartsim_vendor:/opt/ros/jazzy/opt/gz_cmake_vendor:/home/basil/project/lucy/install/twist_stamper:/opt/ros/jazzy LD_LIBRARY_PATH=/home/basil/lucy/install/serial/lib:${LD_LIBRARY_PATH} VIRTUAL_ENV_PROMPT=(pio_env) /usr/bin/cmake --install /home/basil/lucy/build/pico_hardware_interface
[1.812s] INFO:colcon.colcon_core.shell:Creating package script '/home/basil/lucy/install/pico_hardware_interface/share/pico_hardware_interface/package.sh'
[1.814s] INFO:colcon.colcon_core.shell:Creating package script '/home/basil/lucy/install/pico_hardware_interface/share/pico_hardware_interface/package.bash'
[1.815s] INFO:colcon.colcon_core.shell:Creating package script '/home/basil/lucy/install/pico_hardware_interface/share/pico_hardware_interface/package.zsh'
[1.816s] Level 1:colcon.colcon_core.environment:create_file_with_runtime_dependencies(/home/basil/lucy/install/pico_hardware_interface/share/colcon-core/packages/pico_hardware_interface)
[1.817s] Level 1:colcon.colcon_core.environment:create_environment_scripts_only(pico_hardware_interface)
[1.818s] Level 1:colcon.colcon_core.environment:checking '/home/basil/lucy/install/pico_hardware_interface' for CMake module files
[1.819s] Level 1:colcon.colcon_core.environment:checking '/home/basil/lucy/install/pico_hardware_interface' for CMake config files
[1.819s] Level 1:colcon.colcon_core.shell:create_environment_hook('pico_hardware_interface', 'cmake_prefix_path')
[1.819s] INFO:colcon.colcon_core.shell:Creating environment hook '/home/basil/lucy/install/pico_hardware_interface/share/pico_hardware_interface/hook/cmake_prefix_path.ps1'
[1.820s] INFO:colcon.colcon_core.shell:Creating environment descriptor '/home/basil/lucy/install/pico_hardware_interface/share/pico_hardware_interface/hook/cmake_prefix_path.dsv'
[1.821s] INFO:colcon.colcon_core.shell:Creating environment hook '/home/basil/lucy/install/pico_hardware_interface/share/pico_hardware_interface/hook/cmake_prefix_path.sh'
[1.822s] Level 1:colcon.colcon_core.environment:checking '/home/basil/lucy/install/pico_hardware_interface/lib'
[1.822s] Level 1:colcon.colcon_core.environment:checking '/home/basil/lucy/install/pico_hardware_interface/bin'
[1.822s] Level 1:colcon.colcon_core.environment:checking '/home/basil/lucy/install/pico_hardware_interface/lib/pkgconfig/pico_hardware_interface.pc'
[1.823s] Level 1:colcon.colcon_core.environment:checking '/home/basil/lucy/install/pico_hardware_interface/lib/python3.12/site-packages'
[1.823s] Level 1:colcon.colcon_core.environment:checking '/home/basil/lucy/install/pico_hardware_interface/bin'
[1.823s] INFO:colcon.colcon_core.shell:Creating package script '/home/basil/lucy/install/pico_hardware_interface/share/pico_hardware_interface/package.ps1'
[1.824s] INFO:colcon.colcon_core.shell:Creating package descriptor '/home/basil/lucy/install/pico_hardware_interface/share/pico_hardware_interface/package.dsv'
[1.825s] INFO:colcon.colcon_core.shell:Creating package script '/home/basil/lucy/install/pico_hardware_interface/share/pico_hardware_interface/package.sh'
[1.826s] INFO:colcon.colcon_core.shell:Creating package script '/home/basil/lucy/install/pico_hardware_interface/share/pico_hardware_interface/package.bash'
[1.827s] INFO:colcon.colcon_core.shell:Creating package script '/home/basil/lucy/install/pico_hardware_interface/share/pico_hardware_interface/package.zsh'
[1.827s] Level 1:colcon.colcon_core.environment:create_file_with_runtime_dependencies(/home/basil/lucy/install/pico_hardware_interface/share/colcon-core/packages/pico_hardware_interface)
[2.767s] DEBUG:colcon.colcon_core.event_handler.log_command:Invoking command in '/home/basil/lucy/twist_stamper': PYTHONPATH=/home/basil/lucy/build/twist_stamper/prefix_override:/usr/lib/python3/dist-packages/colcon_core/task/python/colcon_distutils_commands:/home/basil/lucy/install/twist_stamper/lib/python3.12/site-packages:${PYTHONPATH} VIRTUAL_ENV_PROMPT=(pio_env) /usr/bin/python3 -W ignore:setup.py install is deprecated -W ignore:easy_install command is deprecated setup.py egg_info --egg-base ../build/twist_stamper build --build-base /home/basil/lucy/build/twist_stamper/build install --record /home/basil/lucy/build/twist_stamper/install.log --single-version-externally-managed install_data
[4.016s] Level 1:colcon.colcon_core.environment:checking '/home/basil/lucy/install/twist_stamper' for CMake module files
[4.016s] DEBUG:colcon.colcon_core.event_handler.log_command:Invoked command in '/home/basil/lucy/twist_stamper' returned '0': PYTHONPATH=/home/basil/lucy/build/twist_stamper/prefix_override:/usr/lib/python3/dist-packages/colcon_core/task/python/colcon_distutils_commands:/home/basil/lucy/install/twist_stamper/lib/python3.12/site-packages:${PYTHONPATH} VIRTUAL_ENV_PROMPT=(pio_env) /usr/bin/python3 -W ignore:setup.py install is deprecated -W ignore:easy_install command is deprecated setup.py egg_info --egg-base ../build/twist_stamper build --build-base /home/basil/lucy/build/twist_stamper/build install --record /home/basil/lucy/build/twist_stamper/install.log --single-version-externally-managed install_data
[4.017s] Level 1:colcon.colcon_core.environment:checking '/home/basil/lucy/install/twist_stamper' for CMake config files
[4.018s] Level 1:colcon.colcon_core.environment:checking '/home/basil/lucy/install/twist_stamper/lib'
[4.018s] Level 1:colcon.colcon_core.environment:checking '/home/basil/lucy/install/twist_stamper/bin'
[4.018s] Level 1:colcon.colcon_core.environment:checking '/home/basil/lucy/install/twist_stamper/lib/pkgconfig/twist_stamper.pc'
[4.018s] Level 1:colcon.colcon_core.environment:checking '/home/basil/lucy/install/twist_stamper/lib/python3.12/site-packages'
[4.018s] Level 1:colcon.colcon_core.shell:create_environment_hook('twist_stamper', 'pythonpath')
[4.019s] INFO:colcon.colcon_core.shell:Creating environment hook '/home/basil/lucy/install/twist_stamper/share/twist_stamper/hook/pythonpath.ps1'
[4.019s] INFO:colcon.colcon_core.shell:Creating environment descriptor '/home/basil/lucy/install/twist_stamper/share/twist_stamper/hook/pythonpath.dsv'
[4.022s] INFO:colcon.colcon_core.shell:Creating environment hook '/home/basil/lucy/install/twist_stamper/share/twist_stamper/hook/pythonpath.sh'
[4.024s] Level 1:colcon.colcon_core.environment:checking '/home/basil/lucy/install/twist_stamper/bin'
[4.024s] Level 1:colcon.colcon_core.environment:create_environment_scripts_only(twist_stamper)
[4.024s] INFO:colcon.colcon_core.shell:Creating package script '/home/basil/lucy/install/twist_stamper/share/twist_stamper/package.ps1'
[4.025s] INFO:colcon.colcon_core.shell:Creating package descriptor '/home/basil/lucy/install/twist_stamper/share/twist_stamper/package.dsv'
[4.026s] INFO:colcon.colcon_core.shell:Creating package script '/home/basil/lucy/install/twist_stamper/share/twist_stamper/package.sh'
[4.027s] INFO:colcon.colcon_core.shell:Creating package script '/home/basil/lucy/install/twist_stamper/share/twist_stamper/package.bash'
[4.027s] INFO:colcon.colcon_core.shell:Creating package script '/home/basil/lucy/install/twist_stamper/share/twist_stamper/package.zsh'
[4.028s] Level 1:colcon.colcon_core.environment:create_file_with_runtime_dependencies(/home/basil/lucy/install/twist_stamper/share/colcon-core/packages/twist_stamper)
[4.029s] DEBUG:colcon.colcon_parallel_executor.executor.parallel:closing loop
[4.030s] DEBUG:colcon.colcon_parallel_executor.executor.parallel:loop closed
[4.030s] DEBUG:colcon.colcon_parallel_executor.executor.parallel:run_until_complete finished with '0'
[4.030s] DEBUG:colcon.colcon_core.event_reactor:joining thread
[4.039s] INFO:colcon.colcon_core.plugin_system:Skipping extension 'colcon_notification.desktop_notification.notify_send': Could not find 'notify-send'
[4.039s] INFO:colcon.colcon_core.plugin_system:Skipping extension 'colcon_notification.desktop_notification.terminal_notifier': Not used on non-Darwin systems
[4.039s] INFO:colcon.colcon_core.plugin_system:Skipping extension 'colcon_notification.desktop_notification.win32': Not used on non-Windows systems
[4.039s] INFO:colcon.colcon_notification.desktop_notification:Sending desktop notification using 'notify2'
[4.040s] DEBUG:colcon.colcon_notification.desktop_notification.notify2:Failed to initialize notify2: org.freedesktop.DBus.Error.ServiceUnknown: The name org.freedesktop.Notifications was not provided by any .service files
[4.040s] DEBUG:colcon.colcon_core.event_reactor:joined thread
[4.041s] INFO:colcon.colcon_core.shell:Creating prefix script '/home/basil/lucy/install/local_setup.ps1'
[4.042s] INFO:colcon.colcon_core.shell:Creating prefix util module '/home/basil/lucy/install/_local_setup_util_ps1.py'
[4.045s] INFO:colcon.colcon_core.shell:Creating prefix chain script '/home/basil/lucy/install/setup.ps1'
[4.047s] INFO:colcon.colcon_core.shell:Creating prefix script '/home/basil/lucy/install/local_setup.sh'
[4.048s] INFO:colcon.colcon_core.shell:Creating prefix util module '/home/basil/lucy/install/_local_setup_util_sh.py'
[4.051s] INFO:colcon.colcon_core.shell:Creating prefix chain script '/home/basil/lucy/install/setup.sh'
[4.085s] INFO:colcon.colcon_core.shell:Creating prefix script '/home/basil/lucy/install/local_setup.bash'
[4.088s] INFO:colcon.colcon_core.shell:Creating prefix chain script '/home/basil/lucy/install/setup.bash'
[4.090s] INFO:colcon.colcon_core.shell:Creating prefix script '/home/basil/lucy/install/local_setup.zsh'
[4.090s] INFO:colcon.colcon_core.shell:Creating prefix chain script '/home/basil/lucy/install/setup.zsh'
