-- Found ament_cmake: 2.5.2 (/opt/ros/jazzy/share/ament_cmake/cmake)
-- Found serial: 1.2.1 (/home/basil/project/lucy/install/serial/share/serial/cmake)
-- Found hardware_interface: 4.20.0 (/opt/ros/jazzy/share/hardware_interface/cmake)
-- Found rosidl_generator_c: 4.6.4 (/opt/ros/jazzy/share/rosidl_generator_c/cmake)
-- Found rosidl_generator_cpp: 4.6.4 (/opt/ros/jazzy/share/rosidl_generator_cpp/cmake)
-- Using all available rosidl_typesupport_c: rosidl_typesupport_fastrtps_c;rosidl_typesupport_introspection_c
-- Using all available rosidl_typesupport_cpp: rosidl_typesupport_fastrtps_cpp;rosidl_typesupport_introspection_cpp
-- Found TinyXML2 via Config file: /usr/lib/aarch64-linux-gnu/cmake/tinyxml2
-- Found rmw_implementation_cmake: 7.3.1 (/opt/ros/jazzy/share/rmw_implementation_cmake/cmake)
-- Found rmw_fastrtps_cpp: 8.4.1 (/opt/ros/jazzy/share/rmw_fastrtps_cpp/cmake)
-- Found TinyXML2 via Config file: /usr/lib/aarch64-linux-gnu/cmake/tinyxml2
-- Found TinyXML2 via Config file: /usr/lib/aarch64-linux-gnu/cmake/tinyxml2
-- Found TinyXML2 via Config file: /usr/lib/aarch64-linux-gnu/cmake/tinyxml2
-- Found TinyXML2 via Config file: /usr/lib/aarch64-linux-gnu/cmake/tinyxml2
-- Using RMW implementation 'rmw_fastrtps_cpp' as default
-- Found controller_manager: 4.20.0 (/opt/ros/jazzy/share/controller_manager/cmake)
-- Configuring done (1.4s)
-- Generating done (0.0s)
-- Build files have been written to: /home/basil/project/lucy/pico_hardware/build/pico_hardware_interface
[ 25%] [32m[1mLinking CXX shared library libpico_hardware_interface.so[0m
[100%] Built target pico_hardware_interface
-- Install configuration: ""
-- Up-to-date: /home/basil/project/lucy/pico_hardware/install/pico_hardware_interface/share/pico_hardware_interface/robot_hardware.xml
-- Installing: /home/basil/project/lucy/pico_hardware/install/pico_hardware_interface/lib/pico_hardware_interface/libpico_hardware_interface.so
-- Set non-toolchain portion of runtime path of "/home/basil/project/lucy/pico_hardware/install/pico_hardware_interface/lib/pico_hardware_interface/libpico_hardware_interface.so" to ""
-- Up-to-date: /home/basil/project/lucy/pico_hardware/install/pico_hardware_interface/share/pico_hardware_interface/controllers
-- Up-to-date: /home/basil/project/lucy/pico_hardware/install/pico_hardware_interface/share/pico_hardware_interface/controllers/robot_controller_example.yaml
-- Up-to-date: /home/basil/project/lucy/pico_hardware/install/pico_hardware_interface/share/pico_hardware_interface
-- Up-to-date: /home/basil/project/lucy/pico_hardware/install/pico_hardware_interface/share/pico_hardware_interface/fake_robot.launch.py
-- Up-to-date: /home/basil/project/lucy/pico_hardware/install/pico_hardware_interface/share/pico_hardware_interface/test_robot.launch.py
-- Up-to-date: /home/basil/project/lucy/pico_hardware/install/pico_hardware_interface/share/pico_hardware_interface/environment/library_path.sh
-- Up-to-date: /home/basil/project/lucy/pico_hardware/install/pico_hardware_interface/share/pico_hardware_interface/environment/library_path.dsv
-- Up-to-date: /home/basil/project/lucy/pico_hardware/install/pico_hardware_interface/share/ament_index/resource_index/package_run_dependencies/pico_hardware_interface
-- Up-to-date: /home/basil/project/lucy/pico_hardware/install/pico_hardware_interface/share/ament_index/resource_index/parent_prefix_path/pico_hardware_interface
-- Up-to-date: /home/basil/project/lucy/pico_hardware/install/pico_hardware_interface/share/pico_hardware_interface/environment/ament_prefix_path.sh
-- Up-to-date: /home/basil/project/lucy/pico_hardware/install/pico_hardware_interface/share/pico_hardware_interface/environment/ament_prefix_path.dsv
-- Up-to-date: /home/basil/project/lucy/pico_hardware/install/pico_hardware_interface/share/pico_hardware_interface/environment/path.sh
-- Up-to-date: /home/basil/project/lucy/pico_hardware/install/pico_hardware_interface/share/pico_hardware_interface/environment/path.dsv
-- Up-to-date: /home/basil/project/lucy/pico_hardware/install/pico_hardware_interface/share/pico_hardware_interface/local_setup.bash
-- Up-to-date: /home/basil/project/lucy/pico_hardware/install/pico_hardware_interface/share/pico_hardware_interface/local_setup.sh
-- Up-to-date: /home/basil/project/lucy/pico_hardware/install/pico_hardware_interface/share/pico_hardware_interface/local_setup.zsh
-- Up-to-date: /home/basil/project/lucy/pico_hardware/install/pico_hardware_interface/share/pico_hardware_interface/local_setup.dsv
-- Installing: /home/basil/project/lucy/pico_hardware/install/pico_hardware_interface/share/pico_hardware_interface/package.dsv
-- Up-to-date: /home/basil/project/lucy/pico_hardware/install/pico_hardware_interface/share/ament_index/resource_index/packages/pico_hardware_interface
-- Up-to-date: /home/basil/project/lucy/pico_hardware/install/pico_hardware_interface/share/ament_index/resource_index/hardware_interface__pluginlib__plugin/pico_hardware_interface
-- Up-to-date: /home/basil/project/lucy/pico_hardware/install/pico_hardware_interface/share/pico_hardware_interface/cmake/ament_cmake_export_libraries-extras.cmake
-- Up-to-date: /home/basil/project/lucy/pico_hardware/install/pico_hardware_interface/share/pico_hardware_interface/cmake/ament_cmake_export_dependencies-extras.cmake
-- Up-to-date: /home/basil/project/lucy/pico_hardware/install/pico_hardware_interface/share/pico_hardware_interface/cmake/pico_hardware_interfaceConfig.cmake
-- Up-to-date: /home/basil/project/lucy/pico_hardware/install/pico_hardware_interface/share/pico_hardware_interface/cmake/pico_hardware_interfaceConfig-version.cmake
-- Up-to-date: /home/basil/project/lucy/pico_hardware/install/pico_hardware_interface/share/pico_hardware_interface/package.xml
