[0.036s] Invoking command in '/home/basil/lucy/build/serial': CMAKE_PREFIX_PATH=${CMAKE_PREFIX_PATH}:/home/basil/project/lucy/install/twist_stamper:/opt/ros/jazzy VIRTUAL_ENV_PROMPT=(pio_env) /usr/bin/cmake --build /home/basil/lucy/build/serial -- -j4 -l4
[0.219s] [ 28%] Built target serial
[0.297s] [ 42%] Built target gtest
[0.415s] [ 57%] Built target serial_example
[0.476s] [ 71%] Built target gtest_main
[0.598s] [ 85%] Built target serial-test
[0.671s] [100%] Built target serial-test-timer
[0.725s] Invoked command in '/home/basil/lucy/build/serial' returned '0': CMAKE_PREFIX_PATH=${CMAKE_PREFIX_PATH}:/home/basil/project/lucy/install/twist_stamper:/opt/ros/jazzy VIRTUAL_ENV_PROMPT=(pio_env) /usr/bin/cmake --build /home/basil/lucy/build/serial -- -j4 -l4
[0.765s] Invoking command in '/home/basil/lucy/build/serial': CMAKE_PREFIX_PATH=${CMAKE_PREFIX_PATH}:/home/basil/project/lucy/install/twist_stamper:/opt/ros/jazzy VIRTUAL_ENV_PROMPT=(pio_env) /usr/bin/cmake --install /home/basil/lucy/build/serial
[0.806s] -- Install configuration: ""
[0.806s] -- Up-to-date: /home/basil/lucy/install/serial/lib/libserial.a
[0.806s] -- Up-to-date: /home/basil/lucy/install/serial/include/serial/serial.h
[0.806s] -- Up-to-date: /home/basil/lucy/install/serial/include/serial/v8stdint.h
[0.806s] -- Up-to-date: /home/basil/lucy/install/serial/share/serial/environment/library_path.sh
[0.806s] -- Up-to-date: /home/basil/lucy/install/serial/share/serial/environment/library_path.dsv
[0.807s] -- Up-to-date: /home/basil/lucy/install/serial/share/ament_index/resource_index/package_run_dependencies/serial
[0.807s] -- Up-to-date: /home/basil/lucy/install/serial/share/ament_index/resource_index/parent_prefix_path/serial
[0.807s] -- Up-to-date: /home/basil/lucy/install/serial/share/serial/environment/ament_prefix_path.sh
[0.807s] -- Up-to-date: /home/basil/lucy/install/serial/share/serial/environment/ament_prefix_path.dsv
[0.807s] -- Up-to-date: /home/basil/lucy/install/serial/share/serial/environment/path.sh
[0.807s] -- Up-to-date: /home/basil/lucy/install/serial/share/serial/environment/path.dsv
[0.807s] -- Up-to-date: /home/basil/lucy/install/serial/share/serial/local_setup.bash
[0.807s] -- Up-to-date: /home/basil/lucy/install/serial/share/serial/local_setup.sh
[0.807s] -- Up-to-date: /home/basil/lucy/install/serial/share/serial/local_setup.zsh
[0.808s] -- Up-to-date: /home/basil/lucy/install/serial/share/serial/local_setup.dsv
[0.809s] -- Installing: /home/basil/lucy/install/serial/share/serial/package.dsv
[0.823s] -- Up-to-date: /home/basil/lucy/install/serial/share/ament_index/resource_index/packages/serial
[0.826s] -- Up-to-date: /home/basil/lucy/install/serial/share/serial/cmake/ament_cmake_export_include_directories-extras.cmake
[0.826s] -- Up-to-date: /home/basil/lucy/install/serial/share/serial/cmake/ament_cmake_export_libraries-extras.cmake
[0.827s] -- Up-to-date: /home/basil/lucy/install/serial/share/serial/cmake/serialConfig.cmake
[0.828s] -- Up-to-date: /home/basil/lucy/install/serial/share/serial/cmake/serialConfig-version.cmake
[0.828s] -- Up-to-date: /home/basil/lucy/install/serial/share/serial/package.xml
[0.830s] Invoked command in '/home/basil/lucy/build/serial' returned '0': CMAKE_PREFIX_PATH=${CMAKE_PREFIX_PATH}:/home/basil/project/lucy/install/twist_stamper:/opt/ros/jazzy VIRTUAL_ENV_PROMPT=(pio_env) /usr/bin/cmake --install /home/basil/lucy/build/serial
