[0.146s] DEBUG:colcon:Command line arguments: ['/usr/bin/colcon', 'build']
[0.146s] DEBUG:colcon:Parsed command line arguments: Namespace(log_base=None, log_level=None, verb_name='build', build_base='build', install_base='install', merge_install=False, symlink_install=False, test_result_base=None, continue_on_error=False, executor='parallel', parallel_workers=4, event_handlers=None, ignore_user_meta=False, metas=['./colcon.meta'], base_paths=['.'], packages_ignore=None, packages_ignore_regex=None, paths=None, packages_up_to=None, packages_up_to_regex=None, packages_above=None, packages_above_and_dependencies=None, packages_above_depth=None, packages_select_by_dep=None, packages_skip_by_dep=None, packages_skip_up_to=None, packages_select_build_failed=False, packages_skip_build_finished=False, packages_select_test_failures=False, packages_skip_test_passed=False, packages_select=None, packages_skip=None, packages_select_regex=None, packages_skip_regex=None, packages_start=None, packages_end=None, allow_overriding=[], cmake_args=None, cmake_target=None, cmake_target_skip_unavailable=False, cmake_clean_cache=False, cmake_clean_first=False, cmake_force_configure=False, ament_cmake_args=None, catkin_cmake_args=None, catkin_skip_building_tests=False, mixin_files=None, mixin=None, verb_parser=<colcon_mixin.mixin.mixin_argument.MixinArgumentDecorator object at 0xffff887a41d0>, verb_extension=<colcon_core.verb.build.BuildVerb object at 0xffff88773f80>, main=<bound method BuildVerb.main of <colcon_core.verb.build.BuildVerb object at 0xffff88773f80>>, mixin_verb=('build',))
[0.202s] Level 1:colcon.colcon_core.package_discovery:discover_packages(colcon_meta) check parameters
[0.202s] Level 1:colcon.colcon_core.package_discovery:discover_packages(recursive) check parameters
[0.202s] Level 1:colcon.colcon_core.package_discovery:discover_packages(ignore) check parameters
[0.202s] Level 1:colcon.colcon_core.package_discovery:discover_packages(path) check parameters
[0.202s] Level 1:colcon.colcon_core.package_discovery:discover_packages(colcon_meta) discover
[0.202s] Level 1:colcon.colcon_core.package_discovery:discover_packages(recursive) discover
[0.202s] INFO:colcon.colcon_core.package_discovery:Crawling recursively for packages in '/home/basil/project/lucy/pico_hardware'
[0.202s] Level 1:colcon.colcon_core.package_identification:_identify(.) by extensions ['ignore', 'ignore_ament_install']
[0.202s] Level 1:colcon.colcon_core.package_identification:_identify(.) by extension 'ignore'
[0.202s] Level 1:colcon.colcon_core.package_identification:_identify(.) by extension 'ignore_ament_install'
[0.203s] Level 1:colcon.colcon_core.package_identification:_identify(.) by extensions ['colcon_pkg']
[0.203s] Level 1:colcon.colcon_core.package_identification:_identify(.) by extension 'colcon_pkg'
[0.203s] Level 1:colcon.colcon_core.package_identification:_identify(.) by extensions ['colcon_meta']
[0.203s] Level 1:colcon.colcon_core.package_identification:_identify(.) by extension 'colcon_meta'
[0.203s] Level 1:colcon.colcon_core.package_identification:_identify(.) by extensions ['ros']
[0.203s] Level 1:colcon.colcon_core.package_identification:_identify(.) by extension 'ros'
[0.258s] DEBUG:colcon.colcon_core.package_identification:Package '.' with type 'ros.ament_cmake' and name 'pico_hardware_interface'
[0.258s] Level 1:colcon.colcon_core.package_discovery:discover_packages(recursive) using defaults
[0.258s] Level 1:colcon.colcon_core.package_discovery:discover_packages(ignore) discover
[0.258s] Level 1:colcon.colcon_core.package_discovery:discover_packages(ignore) using defaults
[0.258s] Level 1:colcon.colcon_core.package_discovery:discover_packages(path) discover
[0.258s] Level 1:colcon.colcon_core.package_discovery:discover_packages(path) using defaults
[0.309s] Level 1:colcon.colcon_core.package_discovery:discover_packages(prefix_path) check parameters
[0.309s] Level 1:colcon.colcon_core.package_discovery:discover_packages(prefix_path) discover
[0.315s] DEBUG:colcon.colcon_installed_package_information.package_discovery:Found 6 installed packages in /home/basil/project/lucy/install
[0.321s] DEBUG:colcon.colcon_installed_package_information.package_discovery:Found 407 installed packages in /opt/ros/jazzy
[0.327s] Level 1:colcon.colcon_core.package_discovery:discover_packages(prefix_path) using defaults
[0.408s] Level 5:colcon.colcon_core.verb:set package 'pico_hardware_interface' build argument 'cmake_args' from command line to 'None'
[0.408s] Level 5:colcon.colcon_core.verb:set package 'pico_hardware_interface' build argument 'cmake_target' from command line to 'None'
[0.408s] Level 5:colcon.colcon_core.verb:set package 'pico_hardware_interface' build argument 'cmake_target_skip_unavailable' from command line to 'False'
[0.408s] Level 5:colcon.colcon_core.verb:set package 'pico_hardware_interface' build argument 'cmake_clean_cache' from command line to 'False'
[0.408s] Level 5:colcon.colcon_core.verb:set package 'pico_hardware_interface' build argument 'cmake_clean_first' from command line to 'False'
[0.408s] Level 5:colcon.colcon_core.verb:set package 'pico_hardware_interface' build argument 'cmake_force_configure' from command line to 'False'
[0.408s] Level 5:colcon.colcon_core.verb:set package 'pico_hardware_interface' build argument 'ament_cmake_args' from command line to 'None'
[0.408s] Level 5:colcon.colcon_core.verb:set package 'pico_hardware_interface' build argument 'catkin_cmake_args' from command line to 'None'
[0.408s] Level 5:colcon.colcon_core.verb:set package 'pico_hardware_interface' build argument 'catkin_skip_building_tests' from command line to 'False'
[0.408s] DEBUG:colcon.colcon_core.verb:Building package 'pico_hardware_interface' with the following arguments: {'ament_cmake_args': None, 'build_base': '/home/basil/project/lucy/pico_hardware/build/pico_hardware_interface', 'catkin_cmake_args': None, 'catkin_skip_building_tests': False, 'cmake_args': None, 'cmake_clean_cache': False, 'cmake_clean_first': False, 'cmake_force_configure': False, 'cmake_target': None, 'cmake_target_skip_unavailable': False, 'install_base': '/home/basil/project/lucy/pico_hardware/install/pico_hardware_interface', 'merge_install': False, 'path': '/home/basil/project/lucy/pico_hardware', 'symlink_install': False, 'test_result_base': None}
[0.408s] INFO:colcon.colcon_core.executor:Executing jobs using 'parallel' executor
[0.410s] DEBUG:colcon.colcon_parallel_executor.executor.parallel:run_until_complete
[0.410s] INFO:colcon.colcon_ros.task.ament_cmake.build:Building ROS package in '/home/basil/project/lucy/pico_hardware' with build type 'ament_cmake'
[0.410s] INFO:colcon.colcon_cmake.task.cmake.build:Building CMake package in '/home/basil/project/lucy/pico_hardware'
[0.412s] INFO:colcon.colcon_core.plugin_system:Skipping extension 'colcon_core.shell.bat': Not used on non-Windows systems
[0.413s] INFO:colcon.colcon_core.shell:Skip shell extension 'powershell' for command environment: Not usable outside of PowerShell
[0.413s] DEBUG:colcon.colcon_core.shell:Skip shell extension 'dsv' for command environment
[0.426s] DEBUG:colcon.colcon_core.event_handler.log_command:Invoking command in '/home/basil/project/lucy/pico_hardware/build/pico_hardware_interface': CMAKE_PREFIX_PATH=${CMAKE_PREFIX_PATH}:/opt/ros/jazzy /usr/bin/cmake /home/basil/project/lucy/pico_hardware -DCMAKE_INSTALL_PREFIX=/home/basil/project/lucy/pico_hardware/install/pico_hardware_interface
[3.596s] DEBUG:colcon.colcon_core.event_handler.log_command:Invoked command in '/home/basil/project/lucy/pico_hardware/build/pico_hardware_interface' returned '0': CMAKE_PREFIX_PATH=${CMAKE_PREFIX_PATH}:/opt/ros/jazzy /usr/bin/cmake /home/basil/project/lucy/pico_hardware -DCMAKE_INSTALL_PREFIX=/home/basil/project/lucy/pico_hardware/install/pico_hardware_interface
[3.598s] DEBUG:colcon.colcon_core.event_handler.log_command:Invoking command in '/home/basil/project/lucy/pico_hardware/build/pico_hardware_interface': CMAKE_PREFIX_PATH=${CMAKE_PREFIX_PATH}:/opt/ros/jazzy /usr/bin/cmake --build /home/basil/project/lucy/pico_hardware/build/pico_hardware_interface -- -j4 -l4
[12.977s] DEBUG:colcon.colcon_core.event_handler.log_command:Invoked command in '/home/basil/project/lucy/pico_hardware/build/pico_hardware_interface' returned '0': CMAKE_PREFIX_PATH=${CMAKE_PREFIX_PATH}:/opt/ros/jazzy /usr/bin/cmake --build /home/basil/project/lucy/pico_hardware/build/pico_hardware_interface -- -j4 -l4
[12.998s] DEBUG:colcon.colcon_core.event_handler.log_command:Invoking command in '/home/basil/project/lucy/pico_hardware/build/pico_hardware_interface': CMAKE_PREFIX_PATH=${CMAKE_PREFIX_PATH}:/opt/ros/jazzy /usr/bin/cmake --install /home/basil/project/lucy/pico_hardware/build/pico_hardware_interface
[13.021s] Level 1:colcon.colcon_core.environment:create_environment_scripts_only(pico_hardware_interface)
[13.022s] DEBUG:colcon.colcon_core.event_handler.log_command:Invoked command in '/home/basil/project/lucy/pico_hardware/build/pico_hardware_interface' returned '0': CMAKE_PREFIX_PATH=${CMAKE_PREFIX_PATH}:/opt/ros/jazzy /usr/bin/cmake --install /home/basil/project/lucy/pico_hardware/build/pico_hardware_interface
[13.024s] Level 1:colcon.colcon_core.environment:checking '/home/basil/project/lucy/pico_hardware/install/pico_hardware_interface' for CMake module files
[13.025s] Level 1:colcon.colcon_core.environment:checking '/home/basil/project/lucy/pico_hardware/install/pico_hardware_interface' for CMake config files
[13.025s] Level 1:colcon.colcon_core.shell:create_environment_hook('pico_hardware_interface', 'cmake_prefix_path')
[13.025s] INFO:colcon.colcon_core.shell:Creating environment hook '/home/basil/project/lucy/pico_hardware/install/pico_hardware_interface/share/pico_hardware_interface/hook/cmake_prefix_path.ps1'
[13.026s] INFO:colcon.colcon_core.shell:Creating environment descriptor '/home/basil/project/lucy/pico_hardware/install/pico_hardware_interface/share/pico_hardware_interface/hook/cmake_prefix_path.dsv'
[13.026s] INFO:colcon.colcon_core.shell:Creating environment hook '/home/basil/project/lucy/pico_hardware/install/pico_hardware_interface/share/pico_hardware_interface/hook/cmake_prefix_path.sh'
[13.027s] Level 1:colcon.colcon_core.environment:checking '/home/basil/project/lucy/pico_hardware/install/pico_hardware_interface/bin'
[13.027s] Level 1:colcon.colcon_core.environment:checking '/home/basil/project/lucy/pico_hardware/install/pico_hardware_interface/lib/pkgconfig/pico_hardware_interface.pc'
[13.028s] Level 1:colcon.colcon_core.environment:checking '/home/basil/project/lucy/pico_hardware/install/pico_hardware_interface/lib/python3.12/site-packages'
[13.028s] Level 1:colcon.colcon_core.environment:checking '/home/basil/project/lucy/pico_hardware/install/pico_hardware_interface/bin'
[13.029s] INFO:colcon.colcon_core.shell:Creating package script '/home/basil/project/lucy/pico_hardware/install/pico_hardware_interface/share/pico_hardware_interface/package.ps1'
[13.029s] INFO:colcon.colcon_core.shell:Creating package descriptor '/home/basil/project/lucy/pico_hardware/install/pico_hardware_interface/share/pico_hardware_interface/package.dsv'
[13.030s] INFO:colcon.colcon_core.shell:Creating package script '/home/basil/project/lucy/pico_hardware/install/pico_hardware_interface/share/pico_hardware_interface/package.sh'
[13.031s] INFO:colcon.colcon_core.shell:Creating package script '/home/basil/project/lucy/pico_hardware/install/pico_hardware_interface/share/pico_hardware_interface/package.bash'
[13.032s] INFO:colcon.colcon_core.shell:Creating package script '/home/basil/project/lucy/pico_hardware/install/pico_hardware_interface/share/pico_hardware_interface/package.zsh'
[13.032s] Level 1:colcon.colcon_core.environment:create_file_with_runtime_dependencies(/home/basil/project/lucy/pico_hardware/install/pico_hardware_interface/share/colcon-core/packages/pico_hardware_interface)
[13.033s] Level 1:colcon.colcon_core.environment:create_environment_scripts_only(pico_hardware_interface)
[13.034s] Level 1:colcon.colcon_core.environment:checking '/home/basil/project/lucy/pico_hardware/install/pico_hardware_interface' for CMake module files
[13.034s] Level 1:colcon.colcon_core.environment:checking '/home/basil/project/lucy/pico_hardware/install/pico_hardware_interface' for CMake config files
[13.035s] Level 1:colcon.colcon_core.shell:create_environment_hook('pico_hardware_interface', 'cmake_prefix_path')
[13.035s] INFO:colcon.colcon_core.shell:Creating environment hook '/home/basil/project/lucy/pico_hardware/install/pico_hardware_interface/share/pico_hardware_interface/hook/cmake_prefix_path.ps1'
[13.035s] INFO:colcon.colcon_core.shell:Creating environment descriptor '/home/basil/project/lucy/pico_hardware/install/pico_hardware_interface/share/pico_hardware_interface/hook/cmake_prefix_path.dsv'
[13.036s] INFO:colcon.colcon_core.shell:Creating environment hook '/home/basil/project/lucy/pico_hardware/install/pico_hardware_interface/share/pico_hardware_interface/hook/cmake_prefix_path.sh'
[13.037s] Level 1:colcon.colcon_core.environment:checking '/home/basil/project/lucy/pico_hardware/install/pico_hardware_interface/bin'
[13.037s] Level 1:colcon.colcon_core.environment:checking '/home/basil/project/lucy/pico_hardware/install/pico_hardware_interface/lib/pkgconfig/pico_hardware_interface.pc'
[13.038s] Level 1:colcon.colcon_core.environment:checking '/home/basil/project/lucy/pico_hardware/install/pico_hardware_interface/lib/python3.12/site-packages'
[13.038s] Level 1:colcon.colcon_core.environment:checking '/home/basil/project/lucy/pico_hardware/install/pico_hardware_interface/bin'
[13.038s] INFO:colcon.colcon_core.shell:Creating package script '/home/basil/project/lucy/pico_hardware/install/pico_hardware_interface/share/pico_hardware_interface/package.ps1'
[13.039s] INFO:colcon.colcon_core.shell:Creating package descriptor '/home/basil/project/lucy/pico_hardware/install/pico_hardware_interface/share/pico_hardware_interface/package.dsv'
[13.040s] INFO:colcon.colcon_core.shell:Creating package script '/home/basil/project/lucy/pico_hardware/install/pico_hardware_interface/share/pico_hardware_interface/package.sh'
[13.040s] INFO:colcon.colcon_core.shell:Creating package script '/home/basil/project/lucy/pico_hardware/install/pico_hardware_interface/share/pico_hardware_interface/package.bash'
[13.041s] INFO:colcon.colcon_core.shell:Creating package script '/home/basil/project/lucy/pico_hardware/install/pico_hardware_interface/share/pico_hardware_interface/package.zsh'
[13.044s] Level 1:colcon.colcon_core.environment:create_file_with_runtime_dependencies(/home/basil/project/lucy/pico_hardware/install/pico_hardware_interface/share/colcon-core/packages/pico_hardware_interface)
[13.045s] DEBUG:colcon.colcon_parallel_executor.executor.parallel:closing loop
[13.046s] DEBUG:colcon.colcon_parallel_executor.executor.parallel:loop closed
[13.046s] DEBUG:colcon.colcon_parallel_executor.executor.parallel:run_until_complete finished with '0'
[13.046s] DEBUG:colcon.colcon_core.event_reactor:joining thread
[13.057s] INFO:colcon.colcon_core.plugin_system:Skipping extension 'colcon_notification.desktop_notification.notify_send': Could not find 'notify-send'
[13.058s] INFO:colcon.colcon_core.plugin_system:Skipping extension 'colcon_notification.desktop_notification.terminal_notifier': Not used on non-Darwin systems
[13.058s] INFO:colcon.colcon_core.plugin_system:Skipping extension 'colcon_notification.desktop_notification.win32': Not used on non-Windows systems
[13.058s] INFO:colcon.colcon_notification.desktop_notification:Sending desktop notification using 'notify2'
[13.059s] DEBUG:colcon.colcon_notification.desktop_notification.notify2:Failed to initialize notify2: org.freedesktop.DBus.Error.ServiceUnknown: The name org.freedesktop.Notifications was not provided by any .service files
[13.059s] DEBUG:colcon.colcon_core.event_reactor:joined thread
[13.059s] INFO:colcon.colcon_core.shell:Creating prefix script '/home/basil/project/lucy/pico_hardware/install/local_setup.ps1'
[13.061s] INFO:colcon.colcon_core.shell:Creating prefix util module '/home/basil/project/lucy/pico_hardware/install/_local_setup_util_ps1.py'
[13.062s] INFO:colcon.colcon_core.shell:Creating prefix chain script '/home/basil/project/lucy/pico_hardware/install/setup.ps1'
[13.064s] INFO:colcon.colcon_core.shell:Creating prefix script '/home/basil/project/lucy/pico_hardware/install/local_setup.sh'
[13.064s] INFO:colcon.colcon_core.shell:Creating prefix util module '/home/basil/project/lucy/pico_hardware/install/_local_setup_util_sh.py'
[13.065s] INFO:colcon.colcon_core.shell:Creating prefix chain script '/home/basil/project/lucy/pico_hardware/install/setup.sh'
[13.066s] INFO:colcon.colcon_core.shell:Creating prefix script '/home/basil/project/lucy/pico_hardware/install/local_setup.bash'
[13.068s] INFO:colcon.colcon_core.shell:Creating prefix chain script '/home/basil/project/lucy/pico_hardware/install/setup.bash'
[13.070s] INFO:colcon.colcon_core.shell:Creating prefix script '/home/basil/project/lucy/pico_hardware/install/local_setup.zsh'
[13.070s] INFO:colcon.colcon_core.shell:Creating prefix chain script '/home/basil/project/lucy/pico_hardware/install/setup.zsh'
