-- The C compiler identification is GNU 13.3.0
-- The CXX compiler identification is GNU 13.3.0
-- Detecting C compiler ABI info
-- Detecting C compiler ABI info - done
-- Check for working C compiler: /usr/bin/cc - skipped
-- Detecting C compile features
-- Detecting C compile features - done
-- Detecting CXX compiler ABI info
-- Detecting CXX compiler ABI info - done
-- Check for working CXX compiler: /usr/bin/c++ - skipped
-- Detecting CXX compile features
-- Detecting CXX compile features - done
-- Found ament_cmake: 2.5.2 (/opt/ros/jazzy/share/ament_cmake/cmake)
-- Found Python3: /home/basil/pio_env/bin/python3 (found version "3.12.3") found components: Interpreter 
-- Found ament_cmake_gtest: 2.5.2 (/opt/ros/jazzy/share/ament_cmake_gtest/cmake)
-- Found Boost: /usr/lib/aarch64-linux-gnu/cmake/Boost-1.83.0/BoostConfig.cmake (found version "1.83.0")  
-- Found gtest sources under '/opt/ros/jazzy/src/gtest_vendor': C++ tests using 'Google Test' will be built
-- Performing Test CMAKE_HAVE_LIBC_PTHREAD
-- Performing Test CMAKE_HAVE_LIBC_PTHREAD - Success
-- Found Threads: TRUE  
-- Configuring done (15.3s)
-- Generating done (0.1s)
-- Build files have been written to: /home/basil/lucy/build/serial
[  7%] [32mBuilding CXX object CMakeFiles/serial.dir/src/serial.cc.o[0m
[ 14%] [32mBuilding CXX object CMakeFiles/serial.dir/src/impl/unix.cc.o[0m
[ 21%] [32mBuilding CXX object CMakeFiles/serial.dir/src/impl/list_ports/list_ports_linux.cc.o[0m
[ 28%] [32m[1mLinking CXX static library libserial.a[0m
[ 28%] Built target serial
[ 35%] [32mBuilding CXX object gtest/CMakeFiles/gtest.dir/src/gtest-all.cc.o[0m
[ 42%] [32m[1mLinking CXX static library libgtest.a[0m
[ 42%] Built target gtest
[ 50%] [32mBuilding CXX object CMakeFiles/serial_example.dir/examples/serial_example.cc.o[0m
[ 57%] [32m[1mLinking CXX executable serial_example[0m
[ 57%] Built target serial_example
[ 64%] [32mBuilding CXX object gtest/CMakeFiles/gtest_main.dir/src/gtest_main.cc.o[0m
[ 71%] [32m[1mLinking CXX static library libgtest_main.a[0m
[ 71%] Built target gtest_main
[ 78%] [32mBuilding CXX object tests/CMakeFiles/serial-test.dir/unix_serial_tests.cc.o[0m
[ 85%] [32m[1mLinking CXX executable serial-test[0m
[ 85%] Built target serial-test
[ 92%] [32mBuilding CXX object tests/CMakeFiles/serial-test-timer.dir/unit/unix_timer_tests.cc.o[0m
[100%] [32m[1mLinking CXX executable serial-test-timer[0m
[100%] Built target serial-test-timer
-- Install configuration: ""
-- Installing: /home/basil/lucy/install/serial/lib/libserial.a
-- Installing: /home/basil/lucy/install/serial/include/serial/serial.h
-- Installing: /home/basil/lucy/install/serial/include/serial/v8stdint.h
-- Installing: /home/basil/lucy/install/serial/share/serial/environment/library_path.sh
-- Installing: /home/basil/lucy/install/serial/share/serial/environment/library_path.dsv
-- Installing: /home/basil/lucy/install/serial/share/ament_index/resource_index/package_run_dependencies/serial
-- Installing: /home/basil/lucy/install/serial/share/ament_index/resource_index/parent_prefix_path/serial
-- Installing: /home/basil/lucy/install/serial/share/serial/environment/ament_prefix_path.sh
-- Installing: /home/basil/lucy/install/serial/share/serial/environment/ament_prefix_path.dsv
-- Installing: /home/basil/lucy/install/serial/share/serial/environment/path.sh
-- Installing: /home/basil/lucy/install/serial/share/serial/environment/path.dsv
-- Installing: /home/basil/lucy/install/serial/share/serial/local_setup.bash
-- Installing: /home/basil/lucy/install/serial/share/serial/local_setup.sh
-- Installing: /home/basil/lucy/install/serial/share/serial/local_setup.zsh
-- Installing: /home/basil/lucy/install/serial/share/serial/local_setup.dsv
-- Installing: /home/basil/lucy/install/serial/share/serial/package.dsv
-- Installing: /home/basil/lucy/install/serial/share/ament_index/resource_index/packages/serial
-- Installing: /home/basil/lucy/install/serial/share/serial/cmake/ament_cmake_export_include_directories-extras.cmake
-- Installing: /home/basil/lucy/install/serial/share/serial/cmake/ament_cmake_export_libraries-extras.cmake
-- Installing: /home/basil/lucy/install/serial/share/serial/cmake/serialConfig.cmake
-- Installing: /home/basil/lucy/install/serial/share/serial/cmake/serialConfig-version.cmake
-- Installing: /home/basil/lucy/install/serial/share/serial/package.xml
