[0.061s] Invoking command in '/home/basil/lucy/build/serial': CMAKE_PREFIX_PATH=${CMAKE_PREFIX_PATH}:/home/basil/project/lucy/install/twist_stamper:/opt/ros/jazzy VIRTUAL_ENV_PROMPT=(pio_env) /usr/bin/cmake /home/basil/lucy/serial -DCMAKE_INSTALL_PREFIX=/home/basil/lucy/install/serial
[6.648s] -- The C compiler identification is GNU 13.3.0
[10.689s] -- The CXX compiler identification is GNU 13.3.0
[10.759s] -- Detecting C compiler ABI info
[11.356s] -- Detecting C compiler ABI info - done
[11.401s] -- Check for working C compiler: /usr/bin/cc - skipped
[11.403s] -- Detecting C compile features
[11.405s] -- Detecting C compile features - done
[11.428s] -- Detecting CXX compiler ABI info
[12.016s] -- Detecting CXX compiler ABI info - done
[12.086s] -- Check for working CXX compiler: /usr/bin/c++ - skipped
[12.087s] -- Detecting CXX compile features
[12.093s] -- Detecting CXX compile features - done
[12.131s] -- Found ament_cmake: 2.5.2 (/opt/ros/jazzy/share/ament_cmake/cmake)
[12.711s] -- Found Python3: /home/basil/pio_env/bin/python3 (found version "3.12.3") found components: Interpreter 
[13.475s] -- Found ament_cmake_gtest: 2.5.2 (/opt/ros/jazzy/share/ament_cmake_gtest/cmake)
[13.614s] -- Found Boost: /usr/lib/aarch64-linux-gnu/cmake/Boost-1.83.0/BoostConfig.cmake (found version "1.83.0")  
[13.614s] -- Found gtest sources under '/opt/ros/jazzy/src/gtest_vendor': C++ tests using 'Google Test' will be built
[13.619s] -- Performing Test CMAKE_HAVE_LIBC_PTHREAD
[14.953s] -- Performing Test CMAKE_HAVE_LIBC_PTHREAD - Success
[14.965s] -- Found Threads: TRUE  
[15.428s] -- Configuring done (15.3s)
[15.488s] -- Generating done (0.1s)
[15.500s] -- Build files have been written to: /home/basil/lucy/build/serial
[15.514s] Invoked command in '/home/basil/lucy/build/serial' returned '0': CMAKE_PREFIX_PATH=${CMAKE_PREFIX_PATH}:/home/basil/project/lucy/install/twist_stamper:/opt/ros/jazzy VIRTUAL_ENV_PROMPT=(pio_env) /usr/bin/cmake /home/basil/lucy/serial -DCMAKE_INSTALL_PREFIX=/home/basil/lucy/install/serial
[15.516s] Invoking command in '/home/basil/lucy/build/serial': CMAKE_PREFIX_PATH=${CMAKE_PREFIX_PATH}:/home/basil/project/lucy/install/twist_stamper:/opt/ros/jazzy VIRTUAL_ENV_PROMPT=(pio_env) /usr/bin/cmake --build /home/basil/lucy/build/serial -- -j4 -l4
[15.731s] [  7%] [32mBuilding CXX object CMakeFiles/serial.dir/src/serial.cc.o[0m
[18.297s] [ 14%] [32mBuilding CXX object CMakeFiles/serial.dir/src/impl/unix.cc.o[0m
[26.315s] [ 21%] [32mBuilding CXX object CMakeFiles/serial.dir/src/impl/list_ports/list_ports_linux.cc.o[0m
[27.819s] [ 28%] [32m[1mLinking CXX static library libserial.a[0m
[28.089s] [ 28%] Built target serial
[28.166s] [ 35%] [32mBuilding CXX object gtest/CMakeFiles/gtest.dir/src/gtest-all.cc.o[0m
[47.933s] [ 42%] [32m[1mLinking CXX static library libgtest.a[0m
[56.401s] [ 42%] Built target gtest
[56.460s] [ 50%] [32mBuilding CXX object CMakeFiles/serial_example.dir/examples/serial_example.cc.o[0m
[58.014s] [ 57%] [32m[1mLinking CXX executable serial_example[0m
[58.328s] [ 57%] Built target serial_example
[58.390s] [ 64%] [32mBuilding CXX object gtest/CMakeFiles/gtest_main.dir/src/gtest_main.cc.o[0m
[61.220s] [ 71%] [32m[1mLinking CXX static library libgtest_main.a[0m
[61.385s] [ 71%] Built target gtest_main
[61.559s] [ 78%] [32mBuilding CXX object tests/CMakeFiles/serial-test.dir/unix_serial_tests.cc.o[0m
[64.060s] In file included from [01m[K/usr/include/boost/bind/detail/requires_cxx11.hpp:9[m[K,
[64.060s]                  from [01m[K/usr/include/boost/bind/bind.hpp:24[m[K,
[64.060s]                  from [01m[K/usr/include/boost/bind.hpp:29[m[K,
[64.060s]                  from [01m[K/home/basil/lucy/serial/tests/unix_serial_tests.cc:23[m[K:
[64.060s] [01m[K/usr/include/boost/bind.hpp:36:1:[m[K [01;36m[Knote: [m[K‘[01m[K#pragma message: The practice of declaring the Bind placeholders (_1, _2, ...) in the global namespace is deprecated. Please use <boost/bind/bind.hpp> + using namespace boost::placeholders, or define BOOST_BIND_GLOBAL_PLACEHOLDERS to retain the current behavior.[m[K’
[64.061s]    36 | [01;36m[KBOOST_PRAGMA_MESSAGE[m[K(
[64.061s]       | [01;36m[K^~~~~~~~~~~~~~~~~~~~[m[K
[64.890s] [ 85%] [32m[1mLinking CXX executable serial-test[0m
[65.300s] [ 85%] Built target serial-test
[65.405s] [ 92%] [32mBuilding CXX object tests/CMakeFiles/serial-test-timer.dir/unit/unix_timer_tests.cc.o[0m
[68.374s] [100%] [32m[1mLinking CXX executable serial-test-timer[0m
[68.793s] [100%] Built target serial-test-timer
[68.875s] Invoked command in '/home/basil/lucy/build/serial' returned '0': CMAKE_PREFIX_PATH=${CMAKE_PREFIX_PATH}:/home/basil/project/lucy/install/twist_stamper:/opt/ros/jazzy VIRTUAL_ENV_PROMPT=(pio_env) /usr/bin/cmake --build /home/basil/lucy/build/serial -- -j4 -l4
[68.912s] Invoking command in '/home/basil/lucy/build/serial': CMAKE_PREFIX_PATH=${CMAKE_PREFIX_PATH}:/home/basil/project/lucy/install/twist_stamper:/opt/ros/jazzy VIRTUAL_ENV_PROMPT=(pio_env) /usr/bin/cmake --install /home/basil/lucy/build/serial
[68.936s] -- Install configuration: ""
[68.937s] -- Installing: /home/basil/lucy/install/serial/lib/libserial.a
[68.938s] -- Installing: /home/basil/lucy/install/serial/include/serial/serial.h
[68.938s] -- Installing: /home/basil/lucy/install/serial/include/serial/v8stdint.h
[68.939s] -- Installing: /home/basil/lucy/install/serial/share/serial/environment/library_path.sh
[68.940s] -- Installing: /home/basil/lucy/install/serial/share/serial/environment/library_path.dsv
[68.942s] -- Installing: /home/basil/lucy/install/serial/share/ament_index/resource_index/package_run_dependencies/serial
[68.942s] -- Installing: /home/basil/lucy/install/serial/share/ament_index/resource_index/parent_prefix_path/serial
[68.942s] -- Installing: /home/basil/lucy/install/serial/share/serial/environment/ament_prefix_path.sh
[68.943s] -- Installing: /home/basil/lucy/install/serial/share/serial/environment/ament_prefix_path.dsv
[68.944s] -- Installing: /home/basil/lucy/install/serial/share/serial/environment/path.sh
[68.944s] -- Installing: /home/basil/lucy/install/serial/share/serial/environment/path.dsv
[68.946s] -- Installing: /home/basil/lucy/install/serial/share/serial/local_setup.bash
[68.946s] -- Installing: /home/basil/lucy/install/serial/share/serial/local_setup.sh
[68.946s] -- Installing: /home/basil/lucy/install/serial/share/serial/local_setup.zsh
[68.946s] -- Installing: /home/basil/lucy/install/serial/share/serial/local_setup.dsv
[68.946s] -- Installing: /home/basil/lucy/install/serial/share/serial/package.dsv
[68.946s] -- Installing: /home/basil/lucy/install/serial/share/ament_index/resource_index/packages/serial
[68.947s] -- Installing: /home/basil/lucy/install/serial/share/serial/cmake/ament_cmake_export_include_directories-extras.cmake
[68.947s] -- Installing: /home/basil/lucy/install/serial/share/serial/cmake/ament_cmake_export_libraries-extras.cmake
[68.947s] -- Installing: /home/basil/lucy/install/serial/share/serial/cmake/serialConfig.cmake
[68.947s] -- Installing: /home/basil/lucy/install/serial/share/serial/cmake/serialConfig-version.cmake
[68.947s] -- Installing: /home/basil/lucy/install/serial/share/serial/package.xml
[68.952s] Invoked command in '/home/basil/lucy/build/serial' returned '0': CMAKE_PREFIX_PATH=${CMAKE_PREFIX_PATH}:/home/basil/project/lucy/install/twist_stamper:/opt/ros/jazzy VIRTUAL_ENV_PROMPT=(pio_env) /usr/bin/cmake --install /home/basil/lucy/build/serial
