[0.202s] DEBUG:colcon:Command line arguments: ['/usr/bin/colcon', 'build']
[0.202s] DEBUG:colcon:Parsed command line arguments: Namespace(log_base=None, log_level=None, verb_name='build', build_base='build', install_base='install', merge_install=False, symlink_install=False, test_result_base=None, continue_on_error=False, executor='parallel', parallel_workers=4, event_handlers=None, ignore_user_meta=False, metas=['./colcon.meta'], base_paths=['.'], packages_ignore=None, packages_ignore_regex=None, paths=None, packages_up_to=None, packages_up_to_regex=None, packages_above=None, packages_above_and_dependencies=None, packages_above_depth=None, packages_select_by_dep=None, packages_skip_by_dep=None, packages_skip_up_to=None, packages_select_build_failed=False, packages_skip_build_finished=False, packages_select_test_failures=False, packages_skip_test_passed=False, packages_select=None, packages_skip=None, packages_select_regex=None, packages_skip_regex=None, packages_start=None, packages_end=None, allow_overriding=[], cmake_args=None, cmake_target=None, cmake_target_skip_unavailable=False, cmake_clean_cache=False, cmake_clean_first=False, cmake_force_configure=False, ament_cmake_args=None, catkin_cmake_args=None, catkin_skip_building_tests=False, mixin_files=None, mixin=None, verb_parser=<colcon_mixin.mixin.mixin_argument.MixinArgumentDecorator object at 0xffffb6d30350>, verb_extension=<colcon_core.verb.build.BuildVerb object at 0xffffb6d301a0>, main=<bound method BuildVerb.main of <colcon_core.verb.build.BuildVerb object at 0xffffb6d301a0>>, mixin_verb=('build',))
[0.258s] Level 1:colcon.colcon_core.package_discovery:discover_packages(colcon_meta) check parameters
[0.258s] Level 1:colcon.colcon_core.package_discovery:discover_packages(recursive) check parameters
[0.259s] Level 1:colcon.colcon_core.package_discovery:discover_packages(ignore) check parameters
[0.259s] Level 1:colcon.colcon_core.package_discovery:discover_packages(path) check parameters
[0.259s] Level 1:colcon.colcon_core.package_discovery:discover_packages(colcon_meta) discover
[0.259s] Level 1:colcon.colcon_core.package_discovery:discover_packages(recursive) discover
[0.259s] INFO:colcon.colcon_core.package_discovery:Crawling recursively for packages in '/home/basil/project/lucy/pico_hardware'
[0.259s] Level 1:colcon.colcon_core.package_identification:_identify(.) by extensions ['ignore', 'ignore_ament_install']
[0.259s] Level 1:colcon.colcon_core.package_identification:_identify(.) by extension 'ignore'
[0.259s] Level 1:colcon.colcon_core.package_identification:_identify(.) by extension 'ignore_ament_install'
[0.259s] Level 1:colcon.colcon_core.package_identification:_identify(.) by extensions ['colcon_pkg']
[0.259s] Level 1:colcon.colcon_core.package_identification:_identify(.) by extension 'colcon_pkg'
[0.259s] Level 1:colcon.colcon_core.package_identification:_identify(.) by extensions ['colcon_meta']
[0.259s] Level 1:colcon.colcon_core.package_identification:_identify(.) by extension 'colcon_meta'
[0.259s] Level 1:colcon.colcon_core.package_identification:_identify(.) by extensions ['ros']
[0.259s] Level 1:colcon.colcon_core.package_identification:_identify(.) by extension 'ros'
[0.300s] DEBUG:colcon.colcon_core.package_identification:Package '.' with type 'ros.ament_cmake' and name 'pico_hardware_interface'
[0.300s] Level 1:colcon.colcon_core.package_discovery:discover_packages(recursive) using defaults
[0.300s] Level 1:colcon.colcon_core.package_discovery:discover_packages(ignore) discover
[0.300s] Level 1:colcon.colcon_core.package_discovery:discover_packages(ignore) using defaults
[0.300s] Level 1:colcon.colcon_core.package_discovery:discover_packages(path) discover
[0.301s] Level 1:colcon.colcon_core.package_discovery:discover_packages(path) using defaults
[0.324s] Level 1:colcon.colcon_core.package_discovery:discover_packages(prefix_path) check parameters
[0.324s] Level 1:colcon.colcon_core.package_discovery:discover_packages(prefix_path) discover
[0.326s] DEBUG:colcon.colcon_installed_package_information.package_discovery:Found 6 installed packages in /home/basil/project/lucy/install
[0.329s] DEBUG:colcon.colcon_installed_package_information.package_discovery:Found 407 installed packages in /opt/ros/jazzy
[0.332s] Level 1:colcon.colcon_core.package_discovery:discover_packages(prefix_path) using defaults
[0.409s] Level 5:colcon.colcon_core.verb:set package 'pico_hardware_interface' build argument 'cmake_args' from command line to 'None'
[0.409s] Level 5:colcon.colcon_core.verb:set package 'pico_hardware_interface' build argument 'cmake_target' from command line to 'None'
[0.409s] Level 5:colcon.colcon_core.verb:set package 'pico_hardware_interface' build argument 'cmake_target_skip_unavailable' from command line to 'False'
[0.409s] Level 5:colcon.colcon_core.verb:set package 'pico_hardware_interface' build argument 'cmake_clean_cache' from command line to 'False'
[0.409s] Level 5:colcon.colcon_core.verb:set package 'pico_hardware_interface' build argument 'cmake_clean_first' from command line to 'False'
[0.409s] Level 5:colcon.colcon_core.verb:set package 'pico_hardware_interface' build argument 'cmake_force_configure' from command line to 'False'
[0.409s] Level 5:colcon.colcon_core.verb:set package 'pico_hardware_interface' build argument 'ament_cmake_args' from command line to 'None'
[0.409s] Level 5:colcon.colcon_core.verb:set package 'pico_hardware_interface' build argument 'catkin_cmake_args' from command line to 'None'
[0.409s] Level 5:colcon.colcon_core.verb:set package 'pico_hardware_interface' build argument 'catkin_skip_building_tests' from command line to 'False'
[0.409s] DEBUG:colcon.colcon_core.verb:Building package 'pico_hardware_interface' with the following arguments: {'ament_cmake_args': None, 'build_base': '/home/basil/project/lucy/pico_hardware/build/pico_hardware_interface', 'catkin_cmake_args': None, 'catkin_skip_building_tests': False, 'cmake_args': None, 'cmake_clean_cache': False, 'cmake_clean_first': False, 'cmake_force_configure': False, 'cmake_target': None, 'cmake_target_skip_unavailable': False, 'install_base': '/home/basil/project/lucy/pico_hardware/install/pico_hardware_interface', 'merge_install': False, 'path': '/home/basil/project/lucy/pico_hardware', 'symlink_install': False, 'test_result_base': None}
[0.410s] INFO:colcon.colcon_core.executor:Executing jobs using 'parallel' executor
[0.411s] DEBUG:colcon.colcon_parallel_executor.executor.parallel:run_until_complete
[0.411s] INFO:colcon.colcon_ros.task.ament_cmake.build:Building ROS package in '/home/basil/project/lucy/pico_hardware' with build type 'ament_cmake'
[0.411s] INFO:colcon.colcon_cmake.task.cmake.build:Building CMake package in '/home/basil/project/lucy/pico_hardware'
[0.414s] INFO:colcon.colcon_core.plugin_system:Skipping extension 'colcon_core.shell.bat': Not used on non-Windows systems
[0.414s] INFO:colcon.colcon_core.shell:Skip shell extension 'powershell' for command environment: Not usable outside of PowerShell
[0.414s] DEBUG:colcon.colcon_core.shell:Skip shell extension 'dsv' for command environment
[0.432s] DEBUG:colcon.colcon_core.event_handler.log_command:Invoking command in '/home/basil/project/lucy/pico_hardware/build/pico_hardware_interface': CMAKE_PREFIX_PATH=${CMAKE_PREFIX_PATH}:/opt/ros/jazzy /usr/bin/cmake --build /home/basil/project/lucy/pico_hardware/build/pico_hardware_interface -- -j4 -l4
[2.577s] DEBUG:colcon.colcon_core.event_handler.log_command:Invoked command in '/home/basil/project/lucy/pico_hardware/build/pico_hardware_interface' returned '0': CMAKE_PREFIX_PATH=${CMAKE_PREFIX_PATH}:/opt/ros/jazzy /usr/bin/cmake --build /home/basil/project/lucy/pico_hardware/build/pico_hardware_interface -- -j4 -l4
[2.597s] DEBUG:colcon.colcon_core.event_handler.log_command:Invoking command in '/home/basil/project/lucy/pico_hardware/build/pico_hardware_interface': CMAKE_PREFIX_PATH=${CMAKE_PREFIX_PATH}:/opt/ros/jazzy /usr/bin/cmake --install /home/basil/project/lucy/pico_hardware/build/pico_hardware_interface
[2.621s] Level 1:colcon.colcon_core.environment:create_environment_scripts_only(pico_hardware_interface)
[2.622s] DEBUG:colcon.colcon_core.event_handler.log_command:Invoked command in '/home/basil/project/lucy/pico_hardware/build/pico_hardware_interface' returned '0': CMAKE_PREFIX_PATH=${CMAKE_PREFIX_PATH}:/opt/ros/jazzy /usr/bin/cmake --install /home/basil/project/lucy/pico_hardware/build/pico_hardware_interface
[2.624s] Level 1:colcon.colcon_core.environment:checking '/home/basil/project/lucy/pico_hardware/install/pico_hardware_interface' for CMake module files
[2.625s] Level 1:colcon.colcon_core.environment:checking '/home/basil/project/lucy/pico_hardware/install/pico_hardware_interface' for CMake config files
[2.625s] Level 1:colcon.colcon_core.shell:create_environment_hook('pico_hardware_interface', 'cmake_prefix_path')
[2.625s] INFO:colcon.colcon_core.shell:Creating environment hook '/home/basil/project/lucy/pico_hardware/install/pico_hardware_interface/share/pico_hardware_interface/hook/cmake_prefix_path.ps1'
[2.626s] INFO:colcon.colcon_core.shell:Creating environment descriptor '/home/basil/project/lucy/pico_hardware/install/pico_hardware_interface/share/pico_hardware_interface/hook/cmake_prefix_path.dsv'
[2.627s] INFO:colcon.colcon_core.shell:Creating environment hook '/home/basil/project/lucy/pico_hardware/install/pico_hardware_interface/share/pico_hardware_interface/hook/cmake_prefix_path.sh'
[2.629s] Level 1:colcon.colcon_core.environment:checking '/home/basil/project/lucy/pico_hardware/install/pico_hardware_interface/lib'
[2.629s] Level 1:colcon.colcon_core.environment:checking '/home/basil/project/lucy/pico_hardware/install/pico_hardware_interface/bin'
[2.629s] Level 1:colcon.colcon_core.environment:checking '/home/basil/project/lucy/pico_hardware/install/pico_hardware_interface/lib/pkgconfig/pico_hardware_interface.pc'
[2.630s] Level 1:colcon.colcon_core.environment:checking '/home/basil/project/lucy/pico_hardware/install/pico_hardware_interface/lib/python3.12/site-packages'
[2.631s] Level 1:colcon.colcon_core.environment:checking '/home/basil/project/lucy/pico_hardware/install/pico_hardware_interface/bin'
[2.631s] INFO:colcon.colcon_core.shell:Creating package script '/home/basil/project/lucy/pico_hardware/install/pico_hardware_interface/share/pico_hardware_interface/package.ps1'
[2.632s] INFO:colcon.colcon_core.shell:Creating package descriptor '/home/basil/project/lucy/pico_hardware/install/pico_hardware_interface/share/pico_hardware_interface/package.dsv'
[2.633s] INFO:colcon.colcon_core.shell:Creating package script '/home/basil/project/lucy/pico_hardware/install/pico_hardware_interface/share/pico_hardware_interface/package.sh'
[2.634s] INFO:colcon.colcon_core.shell:Creating package script '/home/basil/project/lucy/pico_hardware/install/pico_hardware_interface/share/pico_hardware_interface/package.bash'
[2.634s] INFO:colcon.colcon_core.shell:Creating package script '/home/basil/project/lucy/pico_hardware/install/pico_hardware_interface/share/pico_hardware_interface/package.zsh'
[2.635s] Level 1:colcon.colcon_core.environment:create_file_with_runtime_dependencies(/home/basil/project/lucy/pico_hardware/install/pico_hardware_interface/share/colcon-core/packages/pico_hardware_interface)
[2.637s] Level 1:colcon.colcon_core.environment:create_environment_scripts_only(pico_hardware_interface)
[2.637s] Level 1:colcon.colcon_core.environment:checking '/home/basil/project/lucy/pico_hardware/install/pico_hardware_interface' for CMake module files
[2.638s] Level 1:colcon.colcon_core.environment:checking '/home/basil/project/lucy/pico_hardware/install/pico_hardware_interface' for CMake config files
[2.638s] Level 1:colcon.colcon_core.shell:create_environment_hook('pico_hardware_interface', 'cmake_prefix_path')
[2.638s] INFO:colcon.colcon_core.shell:Creating environment hook '/home/basil/project/lucy/pico_hardware/install/pico_hardware_interface/share/pico_hardware_interface/hook/cmake_prefix_path.ps1'
[2.639s] INFO:colcon.colcon_core.shell:Creating environment descriptor '/home/basil/project/lucy/pico_hardware/install/pico_hardware_interface/share/pico_hardware_interface/hook/cmake_prefix_path.dsv'
[2.639s] INFO:colcon.colcon_core.shell:Creating environment hook '/home/basil/project/lucy/pico_hardware/install/pico_hardware_interface/share/pico_hardware_interface/hook/cmake_prefix_path.sh'
[2.641s] Level 1:colcon.colcon_core.environment:checking '/home/basil/project/lucy/pico_hardware/install/pico_hardware_interface/lib'
[2.641s] Level 1:colcon.colcon_core.environment:checking '/home/basil/project/lucy/pico_hardware/install/pico_hardware_interface/bin'
[2.641s] Level 1:colcon.colcon_core.environment:checking '/home/basil/project/lucy/pico_hardware/install/pico_hardware_interface/lib/pkgconfig/pico_hardware_interface.pc'
[2.641s] Level 1:colcon.colcon_core.environment:checking '/home/basil/project/lucy/pico_hardware/install/pico_hardware_interface/lib/python3.12/site-packages'
[2.641s] Level 1:colcon.colcon_core.environment:checking '/home/basil/project/lucy/pico_hardware/install/pico_hardware_interface/bin'
[2.642s] INFO:colcon.colcon_core.shell:Creating package script '/home/basil/project/lucy/pico_hardware/install/pico_hardware_interface/share/pico_hardware_interface/package.ps1'
[2.642s] INFO:colcon.colcon_core.shell:Creating package descriptor '/home/basil/project/lucy/pico_hardware/install/pico_hardware_interface/share/pico_hardware_interface/package.dsv'
[2.643s] INFO:colcon.colcon_core.shell:Creating package script '/home/basil/project/lucy/pico_hardware/install/pico_hardware_interface/share/pico_hardware_interface/package.sh'
[2.644s] INFO:colcon.colcon_core.shell:Creating package script '/home/basil/project/lucy/pico_hardware/install/pico_hardware_interface/share/pico_hardware_interface/package.bash'
[2.645s] INFO:colcon.colcon_core.shell:Creating package script '/home/basil/project/lucy/pico_hardware/install/pico_hardware_interface/share/pico_hardware_interface/package.zsh'
[2.646s] Level 1:colcon.colcon_core.environment:create_file_with_runtime_dependencies(/home/basil/project/lucy/pico_hardware/install/pico_hardware_interface/share/colcon-core/packages/pico_hardware_interface)
[2.647s] DEBUG:colcon.colcon_parallel_executor.executor.parallel:closing loop
[2.647s] DEBUG:colcon.colcon_parallel_executor.executor.parallel:loop closed
[2.648s] DEBUG:colcon.colcon_parallel_executor.executor.parallel:run_until_complete finished with '0'
[2.648s] DEBUG:colcon.colcon_core.event_reactor:joining thread
[2.657s] INFO:colcon.colcon_core.plugin_system:Skipping extension 'colcon_notification.desktop_notification.notify_send': Could not find 'notify-send'
[2.657s] INFO:colcon.colcon_core.plugin_system:Skipping extension 'colcon_notification.desktop_notification.terminal_notifier': Not used on non-Darwin systems
[2.657s] INFO:colcon.colcon_core.plugin_system:Skipping extension 'colcon_notification.desktop_notification.win32': Not used on non-Windows systems
[2.657s] INFO:colcon.colcon_notification.desktop_notification:Sending desktop notification using 'notify2'
[2.658s] DEBUG:colcon.colcon_notification.desktop_notification.notify2:Failed to initialize notify2: org.freedesktop.DBus.Error.ServiceUnknown: The name org.freedesktop.Notifications was not provided by any .service files
[2.659s] DEBUG:colcon.colcon_core.event_reactor:joined thread
[2.659s] INFO:colcon.colcon_core.shell:Creating prefix script '/home/basil/project/lucy/pico_hardware/install/local_setup.ps1'
[2.660s] INFO:colcon.colcon_core.shell:Creating prefix util module '/home/basil/project/lucy/pico_hardware/install/_local_setup_util_ps1.py'
[2.663s] INFO:colcon.colcon_core.shell:Creating prefix chain script '/home/basil/project/lucy/pico_hardware/install/setup.ps1'
[2.666s] INFO:colcon.colcon_core.shell:Creating prefix script '/home/basil/project/lucy/pico_hardware/install/local_setup.sh'
[2.669s] INFO:colcon.colcon_core.shell:Creating prefix util module '/home/basil/project/lucy/pico_hardware/install/_local_setup_util_sh.py'
[2.670s] INFO:colcon.colcon_core.shell:Creating prefix chain script '/home/basil/project/lucy/pico_hardware/install/setup.sh'
[2.672s] INFO:colcon.colcon_core.shell:Creating prefix script '/home/basil/project/lucy/pico_hardware/install/local_setup.bash'
[2.673s] INFO:colcon.colcon_core.shell:Creating prefix chain script '/home/basil/project/lucy/pico_hardware/install/setup.bash'
[2.674s] INFO:colcon.colcon_core.shell:Creating prefix script '/home/basil/project/lucy/pico_hardware/install/local_setup.zsh'
[2.675s] INFO:colcon.colcon_core.shell:Creating prefix chain script '/home/basil/project/lucy/pico_hardware/install/setup.zsh'
