[0.016s] Invoking command in '/home/basil/project/lucy/pico_hardware/build/pico_hardware_interface': CMAKE_PREFIX_PATH=${CMAKE_PREFIX_PATH}:/opt/ros/jazzy /usr/bin/cmake /home/basil/project/lucy/pico_hardware -DCMAKE_INSTALL_PREFIX=/home/basil/project/lucy/pico_hardware/install/pico_hardware_interface
[0.122s] -- The C compiler identification is GNU 13.3.0
[0.226s] -- The CXX compiler identification is GNU 13.3.0
[0.255s] -- Detecting C compiler ABI info
[0.437s] -- Detecting C compiler ABI info - done
[0.453s] -- Check for working C compiler: /usr/bin/cc - skipped
[0.453s] -- Detecting C compile features
[0.454s] -- Detecting C compile features - done
[0.469s] -- Detecting CXX compiler ABI info
[0.664s] -- Detecting CXX compiler ABI info - done
[0.681s] -- Check for working CXX compiler: /usr/bin/c++ - skipped
[0.682s] -- Detecting CXX compile features
[0.682s] -- Detecting CXX compile features - done
[0.689s] -- Found ament_cmake: 2.5.2 (/opt/ros/jazzy/share/ament_cmake/cmake)
[0.937s] -- Found Python3: /usr/bin/python3 (found version "3.12.3") found components: Interpreter 
[1.204s] -- Found serial: 1.2.1 (/home/basil/project/lucy/install/serial/share/serial/cmake)
[1.212s] -- Found hardware_interface: 4.20.0 (/opt/ros/jazzy/share/hardware_interface/cmake)
[1.310s] -- Found rosidl_generator_c: 4.6.4 (/opt/ros/jazzy/share/rosidl_generator_c/cmake)
[1.382s] -- Found rosidl_generator_cpp: 4.6.4 (/opt/ros/jazzy/share/rosidl_generator_cpp/cmake)
[1.434s] -- Using all available rosidl_typesupport_c: rosidl_typesupport_fastrtps_c;rosidl_typesupport_introspection_c
[1.471s] -- Using all available rosidl_typesupport_cpp: rosidl_typesupport_fastrtps_cpp;rosidl_typesupport_introspection_cpp
[1.887s] -- Found TinyXML2 via Config file: /usr/lib/aarch64-linux-gnu/cmake/tinyxml2
[2.022s] -- Found rmw_implementation_cmake: 7.3.1 (/opt/ros/jazzy/share/rmw_implementation_cmake/cmake)
[2.030s] -- Found rmw_fastrtps_cpp: 8.4.1 (/opt/ros/jazzy/share/rmw_fastrtps_cpp/cmake)
[2.082s] -- Found TinyXML2 via Config file: /usr/lib/aarch64-linux-gnu/cmake/tinyxml2
[2.205s] -- Found OpenSSL: /usr/lib/aarch64-linux-gnu/libcrypto.so (found version "3.0.13")  
[2.211s] -- Found TinyXML2 via Config file: /usr/lib/aarch64-linux-gnu/cmake/tinyxml2
[2.235s] -- Found FastRTPS: /opt/ros/jazzy/include (Required is at least version "2.13") 
[2.240s] -- Found TinyXML2 via Config file: /usr/lib/aarch64-linux-gnu/cmake/tinyxml2
[2.253s] -- Found TinyXML2 via Config file: /usr/lib/aarch64-linux-gnu/cmake/tinyxml2
[2.271s] -- Using RMW implementation 'rmw_fastrtps_cpp' as default
[2.860s] -- Found controller_manager: 4.20.0 (/opt/ros/jazzy/share/controller_manager/cmake)
[3.128s] -- Configuring done (3.1s)
[3.156s] -- Generating done (0.0s)
[3.163s] -- Build files have been written to: /home/basil/project/lucy/pico_hardware/build/pico_hardware_interface
[3.186s] Invoked command in '/home/basil/project/lucy/pico_hardware/build/pico_hardware_interface' returned '0': CMAKE_PREFIX_PATH=${CMAKE_PREFIX_PATH}:/opt/ros/jazzy /usr/bin/cmake /home/basil/project/lucy/pico_hardware -DCMAKE_INSTALL_PREFIX=/home/basil/project/lucy/pico_hardware/install/pico_hardware_interface
[3.188s] Invoking command in '/home/basil/project/lucy/pico_hardware/build/pico_hardware_interface': CMAKE_PREFIX_PATH=${CMAKE_PREFIX_PATH}:/opt/ros/jazzy /usr/bin/cmake --build /home/basil/project/lucy/pico_hardware/build/pico_hardware_interface -- -j4 -l4
[3.301s] [ 50%] [32mBuilding CXX object CMakeFiles/pico_hardware_interface.dir/src/pico_hardware_interface.cpp.o[0m
[3.302s] [ 50%] [32mBuilding CXX object CMakeFiles/pico_hardware_interface.dir/src/wheel.cpp.o[0m
[3.306s] [ 75%] [32mBuilding CXX object CMakeFiles/pico_hardware_interface.dir/src/arduino_comms.cpp.o[0m
[12.101s] [100%] [32m[1mLinking CXX shared library libpico_hardware_interface.so[0m
[12.544s] [100%] Built target pico_hardware_interface
[12.567s] Invoked command in '/home/basil/project/lucy/pico_hardware/build/pico_hardware_interface' returned '0': CMAKE_PREFIX_PATH=${CMAKE_PREFIX_PATH}:/opt/ros/jazzy /usr/bin/cmake --build /home/basil/project/lucy/pico_hardware/build/pico_hardware_interface -- -j4 -l4
[12.587s] Invoking command in '/home/basil/project/lucy/pico_hardware/build/pico_hardware_interface': CMAKE_PREFIX_PATH=${CMAKE_PREFIX_PATH}:/opt/ros/jazzy /usr/bin/cmake --install /home/basil/project/lucy/pico_hardware/build/pico_hardware_interface
[12.603s] -- Install configuration: ""
[12.603s] -- Installing: /home/basil/project/lucy/pico_hardware/install/pico_hardware_interface/share/pico_hardware_interface/robot_hardware.xml
[12.603s] -- Installing: /home/basil/project/lucy/pico_hardware/install/pico_hardware_interface/share/pico_hardware_interface/controllers
[12.603s] -- Installing: /home/basil/project/lucy/pico_hardware/install/pico_hardware_interface/share/pico_hardware_interface/controllers/robot_controller_example.yaml
[12.604s] -- Up-to-date: /home/basil/project/lucy/pico_hardware/install/pico_hardware_interface/share/pico_hardware_interface
[12.604s] -- Installing: /home/basil/project/lucy/pico_hardware/install/pico_hardware_interface/share/pico_hardware_interface/fake_robot.launch.py
[12.604s] -- Installing: /home/basil/project/lucy/pico_hardware/install/pico_hardware_interface/share/pico_hardware_interface/test_robot.launch.py
[12.604s] -- Installing: /home/basil/project/lucy/pico_hardware/install/pico_hardware_interface/share/pico_hardware_interface/environment/library_path.sh
[12.604s] -- Installing: /home/basil/project/lucy/pico_hardware/install/pico_hardware_interface/share/pico_hardware_interface/environment/library_path.dsv
[12.605s] -- Installing: /home/basil/project/lucy/pico_hardware/install/pico_hardware_interface/share/ament_index/resource_index/package_run_dependencies/pico_hardware_interface
[12.605s] -- Installing: /home/basil/project/lucy/pico_hardware/install/pico_hardware_interface/share/ament_index/resource_index/parent_prefix_path/pico_hardware_interface
[12.605s] -- Installing: /home/basil/project/lucy/pico_hardware/install/pico_hardware_interface/share/pico_hardware_interface/environment/ament_prefix_path.sh
[12.605s] -- Installing: /home/basil/project/lucy/pico_hardware/install/pico_hardware_interface/share/pico_hardware_interface/environment/ament_prefix_path.dsv
[12.605s] -- Installing: /home/basil/project/lucy/pico_hardware/install/pico_hardware_interface/share/pico_hardware_interface/environment/path.sh
[12.606s] -- Installing: /home/basil/project/lucy/pico_hardware/install/pico_hardware_interface/share/pico_hardware_interface/environment/path.dsv
[12.606s] -- Installing: /home/basil/project/lucy/pico_hardware/install/pico_hardware_interface/share/pico_hardware_interface/local_setup.bash
[12.606s] -- Installing: /home/basil/project/lucy/pico_hardware/install/pico_hardware_interface/share/pico_hardware_interface/local_setup.sh
[12.606s] -- Installing: /home/basil/project/lucy/pico_hardware/install/pico_hardware_interface/share/pico_hardware_interface/local_setup.zsh
[12.606s] -- Installing: /home/basil/project/lucy/pico_hardware/install/pico_hardware_interface/share/pico_hardware_interface/local_setup.dsv
[12.607s] -- Installing: /home/basil/project/lucy/pico_hardware/install/pico_hardware_interface/share/pico_hardware_interface/package.dsv
[12.607s] -- Installing: /home/basil/project/lucy/pico_hardware/install/pico_hardware_interface/share/ament_index/resource_index/packages/pico_hardware_interface
[12.607s] -- Installing: /home/basil/project/lucy/pico_hardware/install/pico_hardware_interface/share/ament_index/resource_index/hardware_interface__pluginlib__plugin/pico_hardware_interface
[12.607s] -- Installing: /home/basil/project/lucy/pico_hardware/install/pico_hardware_interface/share/pico_hardware_interface/cmake/ament_cmake_export_libraries-extras.cmake
[12.607s] -- Installing: /home/basil/project/lucy/pico_hardware/install/pico_hardware_interface/share/pico_hardware_interface/cmake/ament_cmake_export_dependencies-extras.cmake
[12.608s] -- Installing: /home/basil/project/lucy/pico_hardware/install/pico_hardware_interface/share/pico_hardware_interface/cmake/pico_hardware_interfaceConfig.cmake
[12.608s] -- Installing: /home/basil/project/lucy/pico_hardware/install/pico_hardware_interface/share/pico_hardware_interface/cmake/pico_hardware_interfaceConfig-version.cmake
[12.608s] -- Installing: /home/basil/project/lucy/pico_hardware/install/pico_hardware_interface/share/pico_hardware_interface/package.xml
[12.611s] Invoked command in '/home/basil/project/lucy/pico_hardware/build/pico_hardware_interface' returned '0': CMAKE_PREFIX_PATH=${CMAKE_PREFIX_PATH}:/opt/ros/jazzy /usr/bin/cmake --install /home/basil/project/lucy/pico_hardware/build/pico_hardware_interface
