-- The C compiler identification is GNU 13.3.0
-- The CXX compiler identification is GNU 13.3.0
-- Detecting C compiler ABI info
-- Detecting C compiler ABI info - done
-- Check for working C compiler: /usr/bin/cc - skipped
-- Detecting C compile features
-- Detecting C compile features - done
-- Detecting CXX compiler ABI info
-- Detecting CXX compiler ABI info - done
-- Check for working CXX compiler: /usr/bin/c++ - skipped
-- Detecting CXX compile features
-- Detecting CXX compile features - done
-- Found ament_cmake: 2.5.2 (/opt/ros/jazzy/share/ament_cmake/cmake)
-- Found Python3: /home/basil/pio_env/bin/python3 (found version "3.12.3") found components: Interpreter 
-- Found rclcpp: 28.1.5 (/opt/ros/jazzy/share/rclcpp/cmake)
-- Found rosidl_generator_c: 4.6.4 (/opt/ros/jazzy/share/rosidl_generator_c/cmake)
-- Found rosidl_generator_cpp: 4.6.4 (/opt/ros/jazzy/share/rosidl_generator_cpp/cmake)
-- Using all available rosidl_typesupport_c: rosidl_typesupport_fastrtps_c;rosidl_typesupport_introspection_c
-- Using all available rosidl_typesupport_cpp: rosidl_typesupport_fastrtps_cpp;rosidl_typesupport_introspection_cpp
-- Found rmw_implementation_cmake: 7.3.1 (/opt/ros/jazzy/share/rmw_implementation_cmake/cmake)
-- Found rmw_fastrtps_cpp: 8.4.1 (/opt/ros/jazzy/share/rmw_fastrtps_cpp/cmake)
-- Found OpenSSL: /usr/lib/aarch64-linux-gnu/libcrypto.so (found version "3.0.13")  
-- Found FastRTPS: /opt/ros/jazzy/include (Required is at least version "2.13") 
-- Using RMW implementation 'rmw_fastrtps_cpp' as default
-- Found sensor_msgs: 5.3.5 (/opt/ros/jazzy/share/sensor_msgs/cmake)
-- Found std_srvs: 5.3.5 (/opt/ros/jazzy/share/std_srvs/cmake)
-- Found tf2_ros: 0.36.4 (/opt/ros/jazzy/share/tf2_ros/cmake)
-- Found tf2_geometry_msgs: 0.36.4 (/opt/ros/jazzy/share/tf2_geometry_msgs/cmake)
-- Found eigen3_cmake_module: 0.3.0 (/opt/ros/jazzy/share/eigen3_cmake_module/cmake)
-- Found Eigen3: TRUE (found version "3.4.0") 
-- Ensuring Eigen3 include directory is part of orocos-kdl CMake target
-- Found nav_msgs: 5.3.5 (/opt/ros/jazzy/share/nav_msgs/cmake)
-- Found ament_lint_auto: 0.17.1 (/opt/ros/jazzy/share/ament_lint_auto/cmake)
-- Added test 'cppcheck' to perform static code analysis on C / C++ code
-- Configured cppcheck include dirs: /home/basil/lucy/lucy/./sdk/include;/home/basil/lucy/lucy/./sdk/src;/home/basil/lucy/lucy/include/servo
-- Configured cppcheck exclude dirs and/or files: 
-- Added test 'cpplint' to check C / C++ code against the Google style
-- Configured cpplint exclude dirs and/or files: 
-- Added test 'flake8' to check Python code syntax and style conventions
-- Configured 'flake8' exclude dirs and/or files: 
-- Added test 'lint_cmake' to check CMake code style
-- Added test 'pep257' to check Python code against some of the docstring style conventions in PEP 257
-- Added test 'uncrustify' to check C / C++ code style
-- Configured uncrustify additional arguments: 
-- Added test 'xmllint' to check XML markup files
-- Configuring done (15.6s)
-- Generating done (0.9s)
-- Build files have been written to: /home/basil/lucy/build/lucy
[  4%] [32mBuilding CXX object CMakeFiles/sllidar_client.dir/src/sllidar_client.cpp.o[0m
[  9%] [32m[1mLinking CXX executable sllidar_client[0m
[  9%] Built target sllidar_client
[ 13%] [32mBuilding CXX object CMakeFiles/servo_publisher_node.dir/src/servo_publisher_node.cpp.o[0m
[ 18%] [32m[1mLinking CXX executable servo_publisher_node[0m
[ 18%] Built target servo_publisher_node
[ 22%] [32mBuilding CXX object CMakeFiles/sllidar_node.dir/src/sllidar_node.cpp.o[0m
[ 27%] [32mBuilding CXX object CMakeFiles/sllidar_node.dir/sdk/src/arch/linux/timer.cpp.o[0m
[ 31%] [32mBuilding CXX object CMakeFiles/sllidar_node.dir/sdk/src/dataunpacker/dataunpacker.cpp.o[0m
[ 36%] [32mBuilding CXX object CMakeFiles/sllidar_node.dir/sdk/src/dataunpacker/unpacker/handler_capsules.cpp.o[0m
[ 40%] [32mBuilding CXX object CMakeFiles/sllidar_node.dir/sdk/src/dataunpacker/unpacker/handler_hqnode.cpp.o[0m
[ 45%] [32mBuilding CXX object CMakeFiles/sllidar_node.dir/sdk/src/dataunpacker/unpacker/handler_normalnode.cpp.o[0m
[ 50%] [32mBuilding CXX object CMakeFiles/sllidar_node.dir/sdk/src/hal/thread.cpp.o[0m
[ 54%] [32mBuilding CXX object CMakeFiles/sllidar_node.dir/sdk/src/rplidar_driver.cpp.o[0m
[ 59%] [32mBuilding CXX object CMakeFiles/sllidar_node.dir/sdk/src/sl_async_transceiver.cpp.o[0m
[ 63%] [32mBuilding CXX object CMakeFiles/sllidar_node.dir/sdk/src/sl_crc.cpp.o[0m
[ 68%] [32mBuilding CXX object CMakeFiles/sllidar_node.dir/sdk/src/sl_lidar_driver.cpp.o[0m
[ 72%] [32mBuilding CXX object CMakeFiles/sllidar_node.dir/sdk/src/sl_lidarprotocol_codec.cpp.o[0m
[ 77%] [32mBuilding CXX object CMakeFiles/sllidar_node.dir/sdk/src/sl_serial_channel.cpp.o[0m
[ 81%] [32mBuilding CXX object CMakeFiles/sllidar_node.dir/sdk/src/sl_tcp_channel.cpp.o[0m
[ 86%] [32mBuilding CXX object CMakeFiles/sllidar_node.dir/sdk/src/sl_udp_channel.cpp.o[0m
[ 90%] [32mBuilding CXX object CMakeFiles/sllidar_node.dir/sdk/src/arch/linux/net_socket.cpp.o[0m
[ 95%] [32mBuilding CXX object CMakeFiles/sllidar_node.dir/sdk/src/arch/linux/net_serial.cpp.o[0m
[100%] [32m[1mLinking CXX executable sllidar_node[0m
[100%] Built target sllidar_node
-- Install configuration: ""
-- Installing: /home/basil/lucy/install/lucy/lib/lucy/servo_publisher_node
-- Set non-toolchain portion of runtime path of "/home/basil/lucy/install/lucy/lib/lucy/servo_publisher_node" to ""
-- Installing: /home/basil/lucy/install/lucy/lib/lucy/sllidar_node
-- Set non-toolchain portion of runtime path of "/home/basil/lucy/install/lucy/lib/lucy/sllidar_node" to ""
-- Installing: /home/basil/lucy/install/lucy/lib/lucy/sllidar_client
-- Set non-toolchain portion of runtime path of "/home/basil/lucy/install/lucy/lib/lucy/sllidar_client" to ""
-- Installing: /home/basil/lucy/install/lucy/share/lucy/config
-- Installing: /home/basil/lucy/install/lucy/share/lucy/config/mapper_params_online_async.yaml
-- Installing: /home/basil/lucy/install/lucy/share/lucy/config/twist_mux.yaml
-- Installing: /home/basil/lucy/install/lucy/share/lucy/config/joystick.yaml
-- Installing: /home/basil/lucy/install/lucy/share/lucy/config/view_bot.rviz
-- Installing: /home/basil/lucy/install/lucy/share/lucy/config/map.rviz
-- Installing: /home/basil/lucy/install/lucy/share/lucy/config/ekf.yaml
-- Installing: /home/basil/lucy/install/lucy/share/lucy/config/gz_bridge.yaml
-- Installing: /home/basil/lucy/install/lucy/share/lucy/config/my_controllers copy.yaml
-- Installing: /home/basil/lucy/install/lucy/share/lucy/config/main.rviz
-- Installing: /home/basil/lucy/install/lucy/share/lucy/config/nav2_params.yaml
-- Installing: /home/basil/lucy/install/lucy/share/lucy/config/gaz_ros2_ctl_use_sim.yaml
-- Installing: /home/basil/lucy/install/lucy/share/lucy/config/my_controllers.yaml
-- Installing: /home/basil/lucy/install/lucy/share/lucy/config/empty.yaml
-- Installing: /home/basil/lucy/install/lucy/share/lucy/config/drive_bot.rviz
-- Installing: /home/basil/lucy/install/lucy/share/lucy/description
-- Installing: /home/basil/lucy/install/lucy/share/lucy/description/lucy.body.xacro
-- Installing: /home/basil/lucy/install/lucy/share/lucy/description/lucy.control.xacro
-- Installing: /home/basil/lucy/install/lucy/share/lucy/description/lucy.material.xacro
-- Installing: /home/basil/lucy/install/lucy/share/lucy/description/lucy.urdf.xacro
-- Installing: /home/basil/lucy/install/lucy/share/lucy/launch
-- Installing: /home/basil/lucy/install/lucy/share/lucy/launch/lucy.launch.py
-- Installing: /home/basil/lucy/install/lucy/share/lucy/launch/online_async_launch.py
-- Installing: /home/basil/lucy/install/lucy/share/lucy/launch/navigation_launch.py
-- Installing: /home/basil/lucy/install/lucy/share/lucy/launch/sllidar_c1_launch.py
-- Installing: /home/basil/lucy/install/lucy/share/lucy/launch/pantilt_bot.launch.py
-- Installing: /home/basil/lucy/install/lucy/share/lucy/launch/imu_odom_pub.launch.py
-- Installing: /home/basil/lucy/install/lucy/share/lucy/launch/display.launch.py
-- Installing: /home/basil/lucy/install/lucy/share/lucy/launch/joystick.launch.py
-- Installing: /home/basil/lucy/install/lucy/share/lucy/launch/rsp.launch.py
-- Installing: /home/basil/lucy/install/lucy/share/lucy/launch/launch_robot.launch.py
-- Installing: /home/basil/lucy/install/lucy/share/lucy/launch/localization_launch.py
-- Installing: /home/basil/lucy/install/lucy/share/lucy/launch/ekf.launch.py
-- Installing: /home/basil/lucy/install/lucy/share/lucy/launch/view_sllidar_c1_launch.py
-- Installing: /home/basil/lucy/install/lucy/share/lucy/launch/servo_jsp.launch.py
-- Installing: /home/basil/lucy/install/lucy/share/ament_index/resource_index/package_run_dependencies/lucy
-- Installing: /home/basil/lucy/install/lucy/share/ament_index/resource_index/parent_prefix_path/lucy
-- Installing: /home/basil/lucy/install/lucy/share/lucy/environment/ament_prefix_path.sh
-- Installing: /home/basil/lucy/install/lucy/share/lucy/environment/ament_prefix_path.dsv
-- Installing: /home/basil/lucy/install/lucy/share/lucy/environment/path.sh
-- Installing: /home/basil/lucy/install/lucy/share/lucy/environment/path.dsv
-- Installing: /home/basil/lucy/install/lucy/share/lucy/local_setup.bash
-- Installing: /home/basil/lucy/install/lucy/share/lucy/local_setup.sh
-- Installing: /home/basil/lucy/install/lucy/share/lucy/local_setup.zsh
-- Installing: /home/basil/lucy/install/lucy/share/lucy/local_setup.dsv
-- Installing: /home/basil/lucy/install/lucy/share/lucy/package.dsv
-- Installing: /home/basil/lucy/install/lucy/share/ament_index/resource_index/packages/lucy
-- Installing: /home/basil/lucy/install/lucy/share/lucy/cmake/ament_cmake_export_dependencies-extras.cmake
-- Installing: /home/basil/lucy/install/lucy/share/lucy/cmake/ament_cmake_export_include_directories-extras.cmake
-- Installing: /home/basil/lucy/install/lucy/share/lucy/cmake/lucyConfig.cmake
-- Installing: /home/basil/lucy/install/lucy/share/lucy/cmake/lucyConfig-version.cmake
-- Installing: /home/basil/lucy/install/lucy/share/lucy/package.xml
