[100%] Built target pico_hardware_interface
-- Install configuration: ""
-- Up-to-date: /home/basil/lucy/install/pico_hardware_interface/share/pico_hardware_interface/robot_hardware.xml
-- Up-to-date: /home/basil/lucy/install/pico_hardware_interface/lib/pico_hardware_interface/libpico_hardware_interface.so
-- Up-to-date: /home/basil/lucy/install/pico_hardware_interface/share/pico_hardware_interface/controllers
-- Up-to-date: /home/basil/lucy/install/pico_hardware_interface/share/pico_hardware_interface/controllers/robot_controller_example.yaml
-- Up-to-date: /home/basil/lucy/install/pico_hardware_interface/share/pico_hardware_interface
-- Up-to-date: /home/basil/lucy/install/pico_hardware_interface/share/pico_hardware_interface/fake_robot.launch.py
-- Up-to-date: /home/basil/lucy/install/pico_hardware_interface/share/pico_hardware_interface/test_robot.launch.py
-- Up-to-date: /home/basil/lucy/install/pico_hardware_interface/share/pico_hardware_interface/environment/library_path.sh
-- Up-to-date: /home/basil/lucy/install/pico_hardware_interface/share/pico_hardware_interface/environment/library_path.dsv
-- Up-to-date: /home/basil/lucy/install/pico_hardware_interface/share/ament_index/resource_index/package_run_dependencies/pico_hardware_interface
-- Up-to-date: /home/basil/lucy/install/pico_hardware_interface/share/ament_index/resource_index/parent_prefix_path/pico_hardware_interface
-- Up-to-date: /home/basil/lucy/install/pico_hardware_interface/share/pico_hardware_interface/environment/ament_prefix_path.sh
-- Up-to-date: /home/basil/lucy/install/pico_hardware_interface/share/pico_hardware_interface/environment/ament_prefix_path.dsv
-- Up-to-date: /home/basil/lucy/install/pico_hardware_interface/share/pico_hardware_interface/environment/path.sh
-- Up-to-date: /home/basil/lucy/install/pico_hardware_interface/share/pico_hardware_interface/environment/path.dsv
-- Up-to-date: /home/basil/lucy/install/pico_hardware_interface/share/pico_hardware_interface/local_setup.bash
-- Up-to-date: /home/basil/lucy/install/pico_hardware_interface/share/pico_hardware_interface/local_setup.sh
-- Up-to-date: /home/basil/lucy/install/pico_hardware_interface/share/pico_hardware_interface/local_setup.zsh
-- Up-to-date: /home/basil/lucy/install/pico_hardware_interface/share/pico_hardware_interface/local_setup.dsv
-- Installing: /home/basil/lucy/install/pico_hardware_interface/share/pico_hardware_interface/package.dsv
-- Up-to-date: /home/basil/lucy/install/pico_hardware_interface/share/ament_index/resource_index/packages/pico_hardware_interface
-- Up-to-date: /home/basil/lucy/install/pico_hardware_interface/share/ament_index/resource_index/hardware_interface__pluginlib__plugin/pico_hardware_interface
-- Up-to-date: /home/basil/lucy/install/pico_hardware_interface/share/pico_hardware_interface/cmake/ament_cmake_export_libraries-extras.cmake
-- Up-to-date: /home/basil/lucy/install/pico_hardware_interface/share/pico_hardware_interface/cmake/ament_cmake_export_dependencies-extras.cmake
-- Up-to-date: /home/basil/lucy/install/pico_hardware_interface/share/pico_hardware_interface/cmake/pico_hardware_interfaceConfig.cmake
-- Up-to-date: /home/basil/lucy/install/pico_hardware_interface/share/pico_hardware_interface/cmake/pico_hardware_interfaceConfig-version.cmake
-- Up-to-date: /home/basil/lucy/install/pico_hardware_interface/share/pico_hardware_interface/package.xml
