[0.044s] Invoking command in '/home/basil/lucy/build/pico_hardware_interface': AMENT_PREFIX_PATH=/home/basil/lucy/install/serial:${AMENT_PREFIX_PATH} CMAKE_PREFIX_PATH=/home/basil/lucy/install/serial:/home/basil/project/lucy/install/pico_hardware_interface:/home/basil/project/lucy/install/serial:/home/basil/project/lucy/install/pantilt_bot_description:/home/basil/project/lucy/install/open_manipulator_x_description:/home/basil/project/lucy/install/lucy:/home/basil/project/lucy/install/dynamixel_hardware:/opt/ros/jazzy/opt/gz_sim_vendor:/opt/ros/jazzy/opt/gz_sensors_vendor:/opt/ros/jazzy/opt/gz_physics_vendor:/opt/ros/jazzy/opt/sdformat_vendor:/opt/ros/jazzy/opt/gz_gui_vendor:/opt/ros/jazzy/opt/gz_transport_vendor:/opt/ros/jazzy/opt/gz_rendering_vendor:/opt/ros/jazzy/opt/gz_plugin_vendor:/opt/ros/jazzy/opt/gz_fuel_tools_vendor:/opt/ros/jazzy/opt/gz_msgs_vendor:/opt/ros/jazzy/opt/gz_common_vendor:/opt/ros/jazzy/opt/gz_math_vendor:/opt/ros/jazzy/opt/gz_utils_vendor:/opt/ros/jazzy/opt/gz_tools_vendor:/opt/ros/jazzy/opt/gz_ogre_next_vendor:/opt/ros/jazzy/opt/gz_dartsim_vendor:/opt/ros/jazzy/opt/gz_cmake_vendor:/home/basil/project/lucy/install/twist_stamper:/opt/ros/jazzy LD_LIBRARY_PATH=/home/basil/lucy/install/serial/lib:${LD_LIBRARY_PATH} VIRTUAL_ENV_PROMPT=(pio_env) /usr/bin/cmake --build /home/basil/lucy/build/pico_hardware_interface -- -j4 -l4
[0.237s] [100%] Built target pico_hardware_interface
[0.273s] Invoked command in '/home/basil/lucy/build/pico_hardware_interface' returned '0': AMENT_PREFIX_PATH=/home/basil/lucy/install/serial:${AMENT_PREFIX_PATH} CMAKE_PREFIX_PATH=/home/basil/lucy/install/serial:/home/basil/project/lucy/install/pico_hardware_interface:/home/basil/project/lucy/install/serial:/home/basil/project/lucy/install/pantilt_bot_description:/home/basil/project/lucy/install/open_manipulator_x_description:/home/basil/project/lucy/install/lucy:/home/basil/project/lucy/install/dynamixel_hardware:/opt/ros/jazzy/opt/gz_sim_vendor:/opt/ros/jazzy/opt/gz_sensors_vendor:/opt/ros/jazzy/opt/gz_physics_vendor:/opt/ros/jazzy/opt/sdformat_vendor:/opt/ros/jazzy/opt/gz_gui_vendor:/opt/ros/jazzy/opt/gz_transport_vendor:/opt/ros/jazzy/opt/gz_rendering_vendor:/opt/ros/jazzy/opt/gz_plugin_vendor:/opt/ros/jazzy/opt/gz_fuel_tools_vendor:/opt/ros/jazzy/opt/gz_msgs_vendor:/opt/ros/jazzy/opt/gz_common_vendor:/opt/ros/jazzy/opt/gz_math_vendor:/opt/ros/jazzy/opt/gz_utils_vendor:/opt/ros/jazzy/opt/gz_tools_vendor:/opt/ros/jazzy/opt/gz_ogre_next_vendor:/opt/ros/jazzy/opt/gz_dartsim_vendor:/opt/ros/jazzy/opt/gz_cmake_vendor:/home/basil/project/lucy/install/twist_stamper:/opt/ros/jazzy LD_LIBRARY_PATH=/home/basil/lucy/install/serial/lib:${LD_LIBRARY_PATH} VIRTUAL_ENV_PROMPT=(pio_env) /usr/bin/cmake --build /home/basil/lucy/build/pico_hardware_interface -- -j4 -l4
[0.274s] Invoking command in '/home/basil/lucy/build/pico_hardware_interface': AMENT_PREFIX_PATH=/home/basil/lucy/install/serial:${AMENT_PREFIX_PATH} CMAKE_PREFIX_PATH=/home/basil/lucy/install/serial:/home/basil/project/lucy/install/pico_hardware_interface:/home/basil/project/lucy/install/serial:/home/basil/project/lucy/install/pantilt_bot_description:/home/basil/project/lucy/install/open_manipulator_x_description:/home/basil/project/lucy/install/lucy:/home/basil/project/lucy/install/dynamixel_hardware:/opt/ros/jazzy/opt/gz_sim_vendor:/opt/ros/jazzy/opt/gz_sensors_vendor:/opt/ros/jazzy/opt/gz_physics_vendor:/opt/ros/jazzy/opt/sdformat_vendor:/opt/ros/jazzy/opt/gz_gui_vendor:/opt/ros/jazzy/opt/gz_transport_vendor:/opt/ros/jazzy/opt/gz_rendering_vendor:/opt/ros/jazzy/opt/gz_plugin_vendor:/opt/ros/jazzy/opt/gz_fuel_tools_vendor:/opt/ros/jazzy/opt/gz_msgs_vendor:/opt/ros/jazzy/opt/gz_common_vendor:/opt/ros/jazzy/opt/gz_math_vendor:/opt/ros/jazzy/opt/gz_utils_vendor:/opt/ros/jazzy/opt/gz_tools_vendor:/opt/ros/jazzy/opt/gz_ogre_next_vendor:/opt/ros/jazzy/opt/gz_dartsim_vendor:/opt/ros/jazzy/opt/gz_cmake_vendor:/home/basil/project/lucy/install/twist_stamper:/opt/ros/jazzy LD_LIBRARY_PATH=/home/basil/lucy/install/serial/lib:${LD_LIBRARY_PATH} VIRTUAL_ENV_PROMPT=(pio_env) /usr/bin/cmake --install /home/basil/lucy/build/pico_hardware_interface
[0.321s] -- Install configuration: ""
[0.323s] -- Up-to-date: /home/basil/lucy/install/pico_hardware_interface/share/pico_hardware_interface/robot_hardware.xml
[0.324s] -- Up-to-date: /home/basil/lucy/install/pico_hardware_interface/lib/pico_hardware_interface/libpico_hardware_interface.so
[0.325s] -- Up-to-date: /home/basil/lucy/install/pico_hardware_interface/share/pico_hardware_interface/controllers
[0.325s] -- Up-to-date: /home/basil/lucy/install/pico_hardware_interface/share/pico_hardware_interface/controllers/robot_controller_example.yaml
[0.325s] -- Up-to-date: /home/basil/lucy/install/pico_hardware_interface/share/pico_hardware_interface
[0.326s] -- Up-to-date: /home/basil/lucy/install/pico_hardware_interface/share/pico_hardware_interface/fake_robot.launch.py
[0.326s] -- Up-to-date: /home/basil/lucy/install/pico_hardware_interface/share/pico_hardware_interface/test_robot.launch.py
[0.329s] -- Up-to-date: /home/basil/lucy/install/pico_hardware_interface/share/pico_hardware_interface/environment/library_path.sh
[0.330s] -- Up-to-date: /home/basil/lucy/install/pico_hardware_interface/share/pico_hardware_interface/environment/library_path.dsv
[0.330s] -- Up-to-date: /home/basil/lucy/install/pico_hardware_interface/share/ament_index/resource_index/package_run_dependencies/pico_hardware_interface
[0.336s] -- Up-to-date: /home/basil/lucy/install/pico_hardware_interface/share/ament_index/resource_index/parent_prefix_path/pico_hardware_interface
[0.337s] -- Up-to-date: /home/basil/lucy/install/pico_hardware_interface/share/pico_hardware_interface/environment/ament_prefix_path.sh
[0.342s] -- Up-to-date: /home/basil/lucy/install/pico_hardware_interface/share/pico_hardware_interface/environment/ament_prefix_path.dsv
[0.343s] -- Up-to-date: /home/basil/lucy/install/pico_hardware_interface/share/pico_hardware_interface/environment/path.sh
[0.343s] -- Up-to-date: /home/basil/lucy/install/pico_hardware_interface/share/pico_hardware_interface/environment/path.dsv
[0.343s] -- Up-to-date: /home/basil/lucy/install/pico_hardware_interface/share/pico_hardware_interface/local_setup.bash
[0.343s] -- Up-to-date: /home/basil/lucy/install/pico_hardware_interface/share/pico_hardware_interface/local_setup.sh
[0.344s] -- Up-to-date: /home/basil/lucy/install/pico_hardware_interface/share/pico_hardware_interface/local_setup.zsh
[0.356s] -- Up-to-date: /home/basil/lucy/install/pico_hardware_interface/share/pico_hardware_interface/local_setup.dsv
[0.356s] -- Installing: /home/basil/lucy/install/pico_hardware_interface/share/pico_hardware_interface/package.dsv
[0.356s] -- Up-to-date: /home/basil/lucy/install/pico_hardware_interface/share/ament_index/resource_index/packages/pico_hardware_interface
[0.357s] -- Up-to-date: /home/basil/lucy/install/pico_hardware_interface/share/ament_index/resource_index/hardware_interface__pluginlib__plugin/pico_hardware_interface
[0.357s] -- Up-to-date: /home/basil/lucy/install/pico_hardware_interface/share/pico_hardware_interface/cmake/ament_cmake_export_libraries-extras.cmake
[0.357s] -- Up-to-date: /home/basil/lucy/install/pico_hardware_interface/share/pico_hardware_interface/cmake/ament_cmake_export_dependencies-extras.cmake
[0.357s] -- Up-to-date: /home/basil/lucy/install/pico_hardware_interface/share/pico_hardware_interface/cmake/pico_hardware_interfaceConfig.cmake
[0.357s] -- Up-to-date: /home/basil/lucy/install/pico_hardware_interface/share/pico_hardware_interface/cmake/pico_hardware_interfaceConfig-version.cmake
[0.357s] -- Up-to-date: /home/basil/lucy/install/pico_hardware_interface/share/pico_hardware_interface/package.xml
[0.357s] Invoked command in '/home/basil/lucy/build/pico_hardware_interface' returned '0': AMENT_PREFIX_PATH=/home/basil/lucy/install/serial:${AMENT_PREFIX_PATH} CMAKE_PREFIX_PATH=/home/basil/lucy/install/serial:/home/basil/project/lucy/install/pico_hardware_interface:/home/basil/project/lucy/install/serial:/home/basil/project/lucy/install/pantilt_bot_description:/home/basil/project/lucy/install/open_manipulator_x_description:/home/basil/project/lucy/install/lucy:/home/basil/project/lucy/install/dynamixel_hardware:/opt/ros/jazzy/opt/gz_sim_vendor:/opt/ros/jazzy/opt/gz_sensors_vendor:/opt/ros/jazzy/opt/gz_physics_vendor:/opt/ros/jazzy/opt/sdformat_vendor:/opt/ros/jazzy/opt/gz_gui_vendor:/opt/ros/jazzy/opt/gz_transport_vendor:/opt/ros/jazzy/opt/gz_rendering_vendor:/opt/ros/jazzy/opt/gz_plugin_vendor:/opt/ros/jazzy/opt/gz_fuel_tools_vendor:/opt/ros/jazzy/opt/gz_msgs_vendor:/opt/ros/jazzy/opt/gz_common_vendor:/opt/ros/jazzy/opt/gz_math_vendor:/opt/ros/jazzy/opt/gz_utils_vendor:/opt/ros/jazzy/opt/gz_tools_vendor:/opt/ros/jazzy/opt/gz_ogre_next_vendor:/opt/ros/jazzy/opt/gz_dartsim_vendor:/opt/ros/jazzy/opt/gz_cmake_vendor:/home/basil/project/lucy/install/twist_stamper:/opt/ros/jazzy LD_LIBRARY_PATH=/home/basil/lucy/install/serial/lib:${LD_LIBRARY_PATH} VIRTUAL_ENV_PROMPT=(pio_env) /usr/bin/cmake --install /home/basil/lucy/build/pico_hardware_interface
