running egg_info
writing ../build/twist_stamper/twist_stamper.egg-info/PKG-INFO
writing dependency_links to ../build/twist_stamper/twist_stamper.egg-info/dependency_links.txt
writing entry points to ../build/twist_stamper/twist_stamper.egg-info/entry_points.txt
writing requirements to ../build/twist_stamper/twist_stamper.egg-info/requires.txt
writing top-level names to ../build/twist_stamper/twist_stamper.egg-info/top_level.txt
reading manifest file '../build/twist_stamper/twist_stamper.egg-info/SOURCES.txt'
adding license file 'LICENSE'
writing manifest file '../build/twist_stamper/twist_stamper.egg-info/SOURCES.txt'
running build
running build_py
running install
running install_lib
running install_data
running install_egg_info
removing '/home/basil/lucy/install/twist_stamper/lib/python3.12/site-packages/twist_stamper-0.0.5-py3.12.egg-info' (and everything under it)
Copying ../build/twist_stamper/twist_stamper.egg-info to /home/basil/lucy/install/twist_stamper/lib/python3.12/site-packages/twist_stamper-0.0.5-py3.12.egg-info
running install_scripts
Installing twist_stamper script to /home/basil/lucy/install/twist_stamper/lib/twist_stamper
Installing twist_unstamper script to /home/basil/lucy/install/twist_stamper/lib/twist_stamper
writing list of installed files to '/home/basil/lucy/build/twist_stamper/install.log'
