[2.145s] Invoking command in '/home/basil/lucy/twist_stamper': PYTHONPATH=/home/basil/lucy/build/twist_stamper/prefix_override:/usr/lib/python3/dist-packages/colcon_core/task/python/colcon_distutils_commands:/home/basil/lucy/install/twist_stamper/lib/python3.12/site-packages:${PYTHONPATH} VIRTUAL_ENV_PROMPT=(pio_env) /usr/bin/python3 -W ignore:setup.py install is deprecated -W ignore:easy_install command is deprecated setup.py egg_info --egg-base ../build/twist_stamper build --build-base /home/basil/lucy/build/twist_stamper/build install --record /home/basil/lucy/build/twist_stamper/install.log --single-version-externally-managed install_data
[2.745s] running egg_info
[2.774s] writing ../build/twist_stamper/twist_stamper.egg-info/PKG-INFO
[2.775s] writing dependency_links to ../build/twist_stamper/twist_stamper.egg-info/dependency_links.txt
[2.779s] writing entry points to ../build/twist_stamper/twist_stamper.egg-info/entry_points.txt
[2.782s] writing requirements to ../build/twist_stamper/twist_stamper.egg-info/requires.txt
[2.789s] writing top-level names to ../build/twist_stamper/twist_stamper.egg-info/top_level.txt
[2.887s] reading manifest file '../build/twist_stamper/twist_stamper.egg-info/SOURCES.txt'
[2.887s] adding license file 'LICENSE'
[2.889s] writing manifest file '../build/twist_stamper/twist_stamper.egg-info/SOURCES.txt'
[2.890s] running build
[2.891s] running build_py
[2.892s] running install
[2.913s] running install_lib
[2.951s] running install_data
[2.951s] running install_egg_info
[2.984s] removing '/home/basil/lucy/install/twist_stamper/lib/python3.12/site-packages/twist_stamper-0.0.5-py3.12.egg-info' (and everything under it)
[2.984s] Copying ../build/twist_stamper/twist_stamper.egg-info to /home/basil/lucy/install/twist_stamper/lib/python3.12/site-packages/twist_stamper-0.0.5-py3.12.egg-info
[2.986s] running install_scripts
[3.289s] Installing twist_stamper script to /home/basil/lucy/install/twist_stamper/lib/twist_stamper
[3.291s] Installing twist_unstamper script to /home/basil/lucy/install/twist_stamper/lib/twist_stamper
[3.293s] writing list of installed files to '/home/basil/lucy/build/twist_stamper/install.log'
[3.394s] Invoked command in '/home/basil/lucy/twist_stamper' returned '0': PYTHONPATH=/home/basil/lucy/build/twist_stamper/prefix_override:/usr/lib/python3/dist-packages/colcon_core/task/python/colcon_distutils_commands:/home/basil/lucy/install/twist_stamper/lib/python3.12/site-packages:${PYTHONPATH} VIRTUAL_ENV_PROMPT=(pio_env) /usr/bin/python3 -W ignore:setup.py install is deprecated -W ignore:easy_install command is deprecated setup.py egg_info --egg-base ../build/twist_stamper build --build-base /home/basil/lucy/build/twist_stamper/build install --record /home/basil/lucy/build/twist_stamper/install.log --single-version-externally-managed install_data
